#! /usr/bin/vvp
:ivl_version "12.0 (stable)";
:ivl_delay_selection "TYPICAL";
:vpi_time_precision + 0;
:vpi_module "/usr/lib/x86_64-linux-gnu/ivl/system.vpi";
:vpi_module "/usr/lib/x86_64-linux-gnu/ivl/vhdl_sys.vpi";
:vpi_module "/usr/lib/x86_64-linux-gnu/ivl/vhdl_textio.vpi";
:vpi_module "/usr/lib/x86_64-linux-gnu/ivl/v2005_math.vpi";
:vpi_module "/usr/lib/x86_64-linux-gnu/ivl/va_math.vpi";
S_0x650dd7b0ccf0 .scope module, "tb" "tb" 2 1;
 .timescale 0 0;
v0x650dd7b27330_0 .net "a", 0 0, v0x650dd7aca490_0;  1 drivers
v0x650dd7b273f0_0 .net "b", 0 0, v0x650dd7b26bc0_0;  1 drivers
v0x650dd7b274c0_0 .net "c", 0 0, v0x650dd7b26c80_0;  1 drivers
v0x650dd7b275c0_0 .net "d", 0 0, v0x650dd7b26d20_0;  1 drivers
v0x650dd7b27690_0 .net "e", 0 0, v0x650dd7b26de0_0;  1 drivers
v0x650dd7b27730_0 .var "en", 0 0;
v0x650dd7b27800_0 .net "f", 0 0, v0x650dd7b26fb0_0;  1 drivers
v0x650dd7b278d0_0 .net "g", 0 0, v0x650dd7b27070_0;  1 drivers
v0x650dd7b279a0_0 .var/i "i", 31 0;
v0x650dd7b27ad0_0 .var "in", 3 0;
S_0x650dd7b0ce80 .scope module, "uut" "display7_segment" 2 8, 3 1 0, S_0x650dd7b0ccf0;
 .timescale 0 0;
    .port_info 0 /INPUT 4 "in";
    .port_info 1 /INPUT 1 "en";
    .port_info 2 /OUTPUT 1 "a";
    .port_info 3 /OUTPUT 1 "b";
    .port_info 4 /OUTPUT 1 "c";
    .port_info 5 /OUTPUT 1 "d";
    .port_info 6 /OUTPUT 1 "e";
    .port_info 7 /OUTPUT 1 "f";
    .port_info 8 /OUTPUT 1 "g";
v0x650dd7aca490_0 .var "a", 0 0;
v0x650dd7b26bc0_0 .var "b", 0 0;
v0x650dd7b26c80_0 .var "c", 0 0;
v0x650dd7b26d20_0 .var "d", 0 0;
v0x650dd7b26de0_0 .var "e", 0 0;
v0x650dd7b26ef0_0 .net "en", 0 0, v0x650dd7b27730_0;  1 drivers
v0x650dd7b26fb0_0 .var "f", 0 0;
v0x650dd7b27070_0 .var "g", 0 0;
v0x650dd7b27130_0 .net "in", 3 0, v0x650dd7b27ad0_0;  1 drivers
E_0x650dd7b03cf0 .event anyedge, v0x650dd7b26ef0_0, v0x650dd7b27130_0;
    .scope S_0x650dd7b0ce80;
T_0 ;
    %wait E_0x650dd7b03cf0;
    %load/vec4 v0x650dd7b26ef0_0;
    %nor/r;
    %flag_set/vec4 8;
    %jmp/0xz  T_0.0, 8;
    %pushi/vec4 0, 0, 7;
    %split/vec4 1;
    %store/vec4 v0x650dd7b27070_0, 0, 1;
    %split/vec4 1;
    %store/vec4 v0x650dd7b26fb0_0, 0, 1;
    %split/vec4 1;
    %store/vec4 v0x650dd7b26de0_0, 0, 1;
    %split/vec4 1;
    %store/vec4 v0x650dd7b26d20_0, 0, 1;
    %split/vec4 1;
    %store/vec4 v0x650dd7b26c80_0, 0, 1;
    %split/vec4 1;
    %store/vec4 v0x650dd7b26bc0_0, 0, 1;
    %store/vec4 v0x650dd7aca490_0, 0, 1;
    %jmp T_0.1;
T_0.0 ;
    %load/vec4 v0x650dd7b27130_0;
    %dup/vec4;
    %pushi/vec4 0, 0, 4;
    %cmp/u;
    %jmp/1 T_0.2, 6;
    %dup/vec4;
    %pushi/vec4 1, 0, 4;
    %cmp/u;
    %jmp/1 T_0.3, 6;
    %dup/vec4;
    %pushi/vec4 2, 0, 4;
    %cmp/u;
    %jmp/1 T_0.4, 6;
    %dup/vec4;
    %pushi/vec4 3, 0, 4;
    %cmp/u;
    %jmp/1 T_0.5, 6;
    %dup/vec4;
    %pushi/vec4 4, 0, 4;
    %cmp/u;
    %jmp/1 T_0.6, 6;
    %dup/vec4;
    %pushi/vec4 5, 0, 4;
    %cmp/u;
    %jmp/1 T_0.7, 6;
    %dup/vec4;
    %pushi/vec4 6, 0, 4;
    %cmp/u;
    %jmp/1 T_0.8, 6;
    %dup/vec4;
    %pushi/vec4 7, 0, 4;
    %cmp/u;
    %jmp/1 T_0.9, 6;
    %dup/vec4;
    %pushi/vec4 8, 0, 4;
    %cmp/u;
    %jmp/1 T_0.10, 6;
    %dup/vec4;
    %pushi/vec4 9, 0, 4;
    %cmp/u;
    %jmp/1 T_0.11, 6;
    %dup/vec4;
    %pushi/vec4 10, 0, 4;
    %cmp/u;
    %jmp/1 T_0.12, 6;
    %dup/vec4;
    %pushi/vec4 11, 0, 4;
    %cmp/u;
    %jmp/1 T_0.13, 6;
    %dup/vec4;
    %pushi/vec4 12, 0, 4;
    %cmp/u;
    %jmp/1 T_0.14, 6;
    %dup/vec4;
    %pushi/vec4 13, 0, 4;
    %cmp/u;
    %jmp/1 T_0.15, 6;
    %dup/vec4;
    %pushi/vec4 14, 0, 4;
    %cmp/u;
    %jmp/1 T_0.16, 6;
    %dup/vec4;
    %pushi/vec4 15, 0, 4;
    %cmp/u;
    %jmp/1 T_0.17, 6;
    %pushi/vec4 1, 0, 7;
    %split/vec4 1;
    %store/vec4 v0x650dd7b27070_0, 0, 1;
    %split/vec4 1;
    %store/vec4 v0x650dd7b26fb0_0, 0, 1;
    %split/vec4 1;
    %store/vec4 v0x650dd7b26de0_0, 0, 1;
    %split/vec4 1;
    %store/vec4 v0x650dd7b26d20_0, 0, 1;
    %split/vec4 1;
    %store/vec4 v0x650dd7b26c80_0, 0, 1;
    %split/vec4 1;
    %store/vec4 v0x650dd7b26bc0_0, 0, 1;
    %store/vec4 v0x650dd7aca490_0, 0, 1;
    %jmp T_0.19;
T_0.2 ;
    %pushi/vec4 126, 0, 7;
    %split/vec4 1;
    %store/vec4 v0x650dd7b27070_0, 0, 1;
    %split/vec4 1;
    %store/vec4 v0x650dd7b26fb0_0, 0, 1;
    %split/vec4 1;
    %store/vec4 v0x650dd7b26de0_0, 0, 1;
    %split/vec4 1;
    %store/vec4 v0x650dd7b26d20_0, 0, 1;
    %split/vec4 1;
    %store/vec4 v0x650dd7b26c80_0, 0, 1;
    %split/vec4 1;
    %store/vec4 v0x650dd7b26bc0_0, 0, 1;
    %store/vec4 v0x650dd7aca490_0, 0, 1;
    %jmp T_0.19;
T_0.3 ;
    %pushi/vec4 48, 0, 7;
    %split/vec4 1;
    %store/vec4 v0x650dd7b27070_0, 0, 1;
    %split/vec4 1;
    %store/vec4 v0x650dd7b26fb0_0, 0, 1;
    %split/vec4 1;
    %store/vec4 v0x650dd7b26de0_0, 0, 1;
    %split/vec4 1;
    %store/vec4 v0x650dd7b26d20_0, 0, 1;
    %split/vec4 1;
    %store/vec4 v0x650dd7b26c80_0, 0, 1;
    %split/vec4 1;
    %store/vec4 v0x650dd7b26bc0_0, 0, 1;
    %store/vec4 v0x650dd7aca490_0, 0, 1;
    %jmp T_0.19;
T_0.4 ;
    %pushi/vec4 109, 0, 7;
    %split/vec4 1;
    %store/vec4 v0x650dd7b27070_0, 0, 1;
    %split/vec4 1;
    %store/vec4 v0x650dd7b26fb0_0, 0, 1;
    %split/vec4 1;
    %store/vec4 v0x650dd7b26de0_0, 0, 1;
    %split/vec4 1;
    %store/vec4 v0x650dd7b26d20_0, 0, 1;
    %split/vec4 1;
    %store/vec4 v0x650dd7b26c80_0, 0, 1;
    %split/vec4 1;
    %store/vec4 v0x650dd7b26bc0_0, 0, 1;
    %store/vec4 v0x650dd7aca490_0, 0, 1;
    %jmp T_0.19;
T_0.5 ;
    %pushi/vec4 121, 0, 7;
    %split/vec4 1;
    %store/vec4 v0x650dd7b27070_0, 0, 1;
    %split/vec4 1;
    %store/vec4 v0x650dd7b26fb0_0, 0, 1;
    %split/vec4 1;
    %store/vec4 v0x650dd7b26de0_0, 0, 1;
    %split/vec4 1;
    %store/vec4 v0x650dd7b26d20_0, 0, 1;
    %split/vec4 1;
    %store/vec4 v0x650dd7b26c80_0, 0, 1;
    %split/vec4 1;
    %store/vec4 v0x650dd7b26bc0_0, 0, 1;
    %store/vec4 v0x650dd7aca490_0, 0, 1;
    %jmp T_0.19;
T_0.6 ;
    %pushi/vec4 51, 0, 7;
    %split/vec4 1;
    %store/vec4 v0x650dd7b27070_0, 0, 1;
    %split/vec4 1;
    %store/vec4 v0x650dd7b26fb0_0, 0, 1;
    %split/vec4 1;
    %store/vec4 v0x650dd7b26de0_0, 0, 1;
    %split/vec4 1;
    %store/vec4 v0x650dd7b26d20_0, 0, 1;
    %split/vec4 1;
    %store/vec4 v0x650dd7b26c80_0, 0, 1;
    %split/vec4 1;
    %store/vec4 v0x650dd7b26bc0_0, 0, 1;
    %store/vec4 v0x650dd7aca490_0, 0, 1;
    %jmp T_0.19;
T_0.7 ;
    %pushi/vec4 91, 0, 7;
    %split/vec4 1;
    %store/vec4 v0x650dd7b27070_0, 0, 1;
    %split/vec4 1;
    %store/vec4 v0x650dd7b26fb0_0, 0, 1;
    %split/vec4 1;
    %store/vec4 v0x650dd7b26de0_0, 0, 1;
    %split/vec4 1;
    %store/vec4 v0x650dd7b26d20_0, 0, 1;
    %split/vec4 1;
    %store/vec4 v0x650dd7b26c80_0, 0, 1;
    %split/vec4 1;
    %store/vec4 v0x650dd7b26bc0_0, 0, 1;
    %store/vec4 v0x650dd7aca490_0, 0, 1;
    %jmp T_0.19;
T_0.8 ;
    %pushi/vec4 95, 0, 7;
    %split/vec4 1;
    %store/vec4 v0x650dd7b27070_0, 0, 1;
    %split/vec4 1;
    %store/vec4 v0x650dd7b26fb0_0, 0, 1;
    %split/vec4 1;
    %store/vec4 v0x650dd7b26de0_0, 0, 1;
    %split/vec4 1;
    %store/vec4 v0x650dd7b26d20_0, 0, 1;
    %split/vec4 1;
    %store/vec4 v0x650dd7b26c80_0, 0, 1;
    %split/vec4 1;
    %store/vec4 v0x650dd7b26bc0_0, 0, 1;
    %store/vec4 v0x650dd7aca490_0, 0, 1;
    %jmp T_0.19;
T_0.9 ;
    %pushi/vec4 112, 0, 7;
    %split/vec4 1;
    %store/vec4 v0x650dd7b27070_0, 0, 1;
    %split/vec4 1;
    %store/vec4 v0x650dd7b26fb0_0, 0, 1;
    %split/vec4 1;
    %store/vec4 v0x650dd7b26de0_0, 0, 1;
    %split/vec4 1;
    %store/vec4 v0x650dd7b26d20_0, 0, 1;
    %split/vec4 1;
    %store/vec4 v0x650dd7b26c80_0, 0, 1;
    %split/vec4 1;
    %store/vec4 v0x650dd7b26bc0_0, 0, 1;
    %store/vec4 v0x650dd7aca490_0, 0, 1;
    %jmp T_0.19;
T_0.10 ;
    %pushi/vec4 127, 0, 7;
    %split/vec4 1;
    %store/vec4 v0x650dd7b27070_0, 0, 1;
    %split/vec4 1;
    %store/vec4 v0x650dd7b26fb0_0, 0, 1;
    %split/vec4 1;
    %store/vec4 v0x650dd7b26de0_0, 0, 1;
    %split/vec4 1;
    %store/vec4 v0x650dd7b26d20_0, 0, 1;
    %split/vec4 1;
    %store/vec4 v0x650dd7b26c80_0, 0, 1;
    %split/vec4 1;
    %store/vec4 v0x650dd7b26bc0_0, 0, 1;
    %store/vec4 v0x650dd7aca490_0, 0, 1;
    %jmp T_0.19;
T_0.11 ;
    %pushi/vec4 123, 0, 7;
    %split/vec4 1;
    %store/vec4 v0x650dd7b27070_0, 0, 1;
    %split/vec4 1;
    %store/vec4 v0x650dd7b26fb0_0, 0, 1;
    %split/vec4 1;
    %store/vec4 v0x650dd7b26de0_0, 0, 1;
    %split/vec4 1;
    %store/vec4 v0x650dd7b26d20_0, 0, 1;
    %split/vec4 1;
    %store/vec4 v0x650dd7b26c80_0, 0, 1;
    %split/vec4 1;
    %store/vec4 v0x650dd7b26bc0_0, 0, 1;
    %store/vec4 v0x650dd7aca490_0, 0, 1;
    %jmp T_0.19;
T_0.12 ;
    %pushi/vec4 119, 0, 7;
    %split/vec4 1;
    %store/vec4 v0x650dd7b27070_0, 0, 1;
    %split/vec4 1;
    %store/vec4 v0x650dd7b26fb0_0, 0, 1;
    %split/vec4 1;
    %store/vec4 v0x650dd7b26de0_0, 0, 1;
    %split/vec4 1;
    %store/vec4 v0x650dd7b26d20_0, 0, 1;
    %split/vec4 1;
    %store/vec4 v0x650dd7b26c80_0, 0, 1;
    %split/vec4 1;
    %store/vec4 v0x650dd7b26bc0_0, 0, 1;
    %store/vec4 v0x650dd7aca490_0, 0, 1;
    %jmp T_0.19;
T_0.13 ;
    %pushi/vec4 31, 0, 7;
    %split/vec4 1;
    %store/vec4 v0x650dd7b27070_0, 0, 1;
    %split/vec4 1;
    %store/vec4 v0x650dd7b26fb0_0, 0, 1;
    %split/vec4 1;
    %store/vec4 v0x650dd7b26de0_0, 0, 1;
    %split/vec4 1;
    %store/vec4 v0x650dd7b26d20_0, 0, 1;
    %split/vec4 1;
    %store/vec4 v0x650dd7b26c80_0, 0, 1;
    %split/vec4 1;
    %store/vec4 v0x650dd7b26bc0_0, 0, 1;
    %store/vec4 v0x650dd7aca490_0, 0, 1;
    %jmp T_0.19;
T_0.14 ;
    %pushi/vec4 78, 0, 7;
    %split/vec4 1;
    %store/vec4 v0x650dd7b27070_0, 0, 1;
    %split/vec4 1;
    %store/vec4 v0x650dd7b26fb0_0, 0, 1;
    %split/vec4 1;
    %store/vec4 v0x650dd7b26de0_0, 0, 1;
    %split/vec4 1;
    %store/vec4 v0x650dd7b26d20_0, 0, 1;
    %split/vec4 1;
    %store/vec4 v0x650dd7b26c80_0, 0, 1;
    %split/vec4 1;
    %store/vec4 v0x650dd7b26bc0_0, 0, 1;
    %store/vec4 v0x650dd7aca490_0, 0, 1;
    %jmp T_0.19;
T_0.15 ;
    %pushi/vec4 61, 0, 7;
    %split/vec4 1;
    %store/vec4 v0x650dd7b27070_0, 0, 1;
    %split/vec4 1;
    %store/vec4 v0x650dd7b26fb0_0, 0, 1;
    %split/vec4 1;
    %store/vec4 v0x650dd7b26de0_0, 0, 1;
    %split/vec4 1;
    %store/vec4 v0x650dd7b26d20_0, 0, 1;
    %split/vec4 1;
    %store/vec4 v0x650dd7b26c80_0, 0, 1;
    %split/vec4 1;
    %store/vec4 v0x650dd7b26bc0_0, 0, 1;
    %store/vec4 v0x650dd7aca490_0, 0, 1;
    %jmp T_0.19;
T_0.16 ;
    %pushi/vec4 79, 0, 7;
    %split/vec4 1;
    %store/vec4 v0x650dd7b27070_0, 0, 1;
    %split/vec4 1;
    %store/vec4 v0x650dd7b26fb0_0, 0, 1;
    %split/vec4 1;
    %store/vec4 v0x650dd7b26de0_0, 0, 1;
    %split/vec4 1;
    %store/vec4 v0x650dd7b26d20_0, 0, 1;
    %split/vec4 1;
    %store/vec4 v0x650dd7b26c80_0, 0, 1;
    %split/vec4 1;
    %store/vec4 v0x650dd7b26bc0_0, 0, 1;
    %store/vec4 v0x650dd7aca490_0, 0, 1;
    %jmp T_0.19;
T_0.17 ;
    %pushi/vec4 71, 0, 7;
    %split/vec4 1;
    %store/vec4 v0x650dd7b27070_0, 0, 1;
    %split/vec4 1;
    %store/vec4 v0x650dd7b26fb0_0, 0, 1;
    %split/vec4 1;
    %store/vec4 v0x650dd7b26de0_0, 0, 1;
    %split/vec4 1;
    %store/vec4 v0x650dd7b26d20_0, 0, 1;
    %split/vec4 1;
    %store/vec4 v0x650dd7b26c80_0, 0, 1;
    %split/vec4 1;
    %store/vec4 v0x650dd7b26bc0_0, 0, 1;
    %store/vec4 v0x650dd7aca490_0, 0, 1;
    %jmp T_0.19;
T_0.19 ;
    %pop/vec4 1;
T_0.1 ;
    %jmp T_0;
    .thread T_0, $push;
    .scope S_0x650dd7b0ccf0;
T_1 ;
    %pushi/vec4 1, 0, 1;
    %store/vec4 v0x650dd7b27730_0, 0, 1;
    %pushi/vec4 0, 0, 32;
    %store/vec4 v0x650dd7b279a0_0, 0, 32;
T_1.0 ;
    %load/vec4 v0x650dd7b279a0_0;
    %cmpi/s 16, 0, 32;
    %jmp/0xz T_1.1, 5;
    %load/vec4 v0x650dd7b279a0_0;
    %pad/s 4;
    %store/vec4 v0x650dd7b27ad0_0, 0, 4;
    %delay 10, 0;
    %load/vec4 v0x650dd7b279a0_0;
    %addi 1, 0, 32;
    %store/vec4 v0x650dd7b279a0_0, 0, 32;
    %jmp T_1.0;
T_1.1 ;
    %delay 10, 0;
    %pushi/vec4 0, 0, 1;
    %store/vec4 v0x650dd7b27730_0, 0, 1;
    %pushi/vec4 5, 0, 4;
    %store/vec4 v0x650dd7b27ad0_0, 0, 4;
    %delay 10, 0;
    %vpi_call 2 39 "$finish" {0 0 0};
    %end;
    .thread T_1;
    .scope S_0x650dd7b0ccf0;
T_2 ;
    %vpi_call 2 46 "$monitor", "Time=%0t | in=%0d | en=%b | a=%b b=%b c=%b d=%b e=%b f=%b g=%b", $time, v0x650dd7b27ad0_0, v0x650dd7b27730_0, v0x650dd7b27330_0, v0x650dd7b273f0_0, v0x650dd7b274c0_0, v0x650dd7b275c0_0, v0x650dd7b27690_0, v0x650dd7b27800_0, v0x650dd7b278d0_0 {0 0 0};
    %vpi_call 2 48 "$dumpfile", "BCD_seven_seg.vcd" {0 0 0};
    %vpi_call 2 49 "$dumpvars", 32'sb00000000000000000000000000000000, S_0x650dd7b0ccf0 {0 0 0};
    %end;
    .thread T_2;
# The file index is used to find the file name in the following table.
:file_names 4;
    "N/A";
    "<interactive>";
    "tb.v";
    "seven_segment_display_decoder.v";
