#! /usr/bin/vvp
:ivl_version "12.0 (stable)";
:ivl_delay_selection "TYPICAL";
:vpi_time_precision + 0;
:vpi_module "/usr/lib/x86_64-linux-gnu/ivl/system.vpi";
:vpi_module "/usr/lib/x86_64-linux-gnu/ivl/vhdl_sys.vpi";
:vpi_module "/usr/lib/x86_64-linux-gnu/ivl/vhdl_textio.vpi";
:vpi_module "/usr/lib/x86_64-linux-gnu/ivl/v2005_math.vpi";
:vpi_module "/usr/lib/x86_64-linux-gnu/ivl/va_math.vpi";
S_0x5be1372f3160 .scope module, "tb_cla" "tb_cla" 2 1;
 .timescale 0 0;
v0x5be1373328b0_0 .var "a", 3 0;
v0x5be137332990_0 .var "b", 3 0;
v0x5be137332a60_0 .net "carry", 0 0, L_0x5be13733dd10;  1 drivers
v0x5be137332b60_0 .var "cin", 0 0;
v0x5be137332c30_0 .var/i "i", 31 0;
v0x5be137332cd0_0 .net "sum", 3 0, L_0x5be13733d9b0;  1 drivers
S_0x5be1372f32f0 .scope module, "uut" "cla" 2 9, 3 1 0, S_0x5be1372f3160;
 .timescale 0 0;
    .port_info 0 /INPUT 4 "a";
    .port_info 1 /INPUT 4 "b";
    .port_info 2 /INPUT 1 "cin";
    .port_info 3 /OUTPUT 4 "sum";
    .port_info 4 /OUTPUT 1 "carry";
L_0x5be137332f80 .functor AND 1, L_0x5be137332d70, L_0x5be137332e90, C4<1>, C4<1>;
L_0x5be137333200 .functor OR 1, L_0x5be137333090, L_0x5be137333130, C4<0>, C4<0>;
L_0x5be137333340 .functor AND 1, L_0x5be137333200, v0x5be137332b60_0, C4<1>, C4<1>;
L_0x5be137333450 .functor OR 1, L_0x5be137332f80, L_0x5be137333340, C4<0>, C4<0>;
L_0x5be1373337a0 .functor AND 1, L_0x5be137333590, L_0x5be137333630, C4<1>, C4<1>;
L_0x5be1373339a0 .functor OR 1, L_0x5be137333810, L_0x5be1373338b0, C4<0>, C4<0>;
L_0x5be137333c90 .functor AND 1, L_0x5be137333af0, L_0x5be137333b90, C4<1>, C4<1>;
L_0x5be137333d50 .functor AND 1, L_0x5be1373339a0, L_0x5be137333c90, C4<1>, C4<1>;
L_0x5be137333eb0 .functor OR 1, L_0x5be1373337a0, L_0x5be137333d50, C4<0>, C4<0>;
L_0x5be137334170 .functor OR 1, L_0x5be137333fc0, L_0x5be137334060, C4<0>, C4<0>;
L_0x5be137334100 .functor OR 1, L_0x5be1373342e0, L_0x5be137334380, C4<0>, C4<0>;
L_0x5be1373344f0 .functor AND 1, L_0x5be137334100, v0x5be137332b60_0, C4<1>, C4<1>;
L_0x5be137334620 .functor AND 1, L_0x5be137334170, L_0x5be1373344f0, C4<1>, C4<1>;
L_0x5be137334730 .functor OR 1, L_0x5be137333eb0, L_0x5be137334620, C4<0>, C4<0>;
L_0x5be1373345b0 .functor AND 1, L_0x5be1373348c0, L_0x5be137334960, C4<1>, C4<1>;
L_0x5be137334d10 .functor OR 1, L_0x5be137334b30, L_0x5be137334bd0, C4<0>, C4<0>;
L_0x5be1373350a0 .functor AND 1, L_0x5be137334eb0, L_0x5be137334f50, C4<1>, C4<1>;
L_0x5be1373351b0 .functor AND 1, L_0x5be137334d10, L_0x5be1373350a0, C4<1>, C4<1>;
L_0x5be137335360 .functor OR 1, L_0x5be1373345b0, L_0x5be1373351b0, C4<0>, C4<0>;
L_0x5be1373355d0 .functor OR 1, L_0x5be137334c70, L_0x5be137335470, C4<0>, C4<0>;
L_0x5be137335900 .functor OR 1, L_0x5be1373352c0, L_0x5be137335790, C4<0>, C4<0>;
L_0x5be137335c30 .functor AND 1, L_0x5be137335a10, L_0x5be137335ab0, C4<1>, C4<1>;
L_0x5be137335e30 .functor AND 1, L_0x5be137335900, L_0x5be137335c30, C4<1>, C4<1>;
L_0x5be137335f40 .functor AND 1, L_0x5be1373355d0, L_0x5be137335e30, C4<1>, C4<1>;
L_0x5be137336120 .functor OR 1, L_0x5be137335360, L_0x5be137335f40, C4<0>, C4<0>;
L_0x5be137336460 .functor OR 1, L_0x5be137336230, L_0x5be1373362d0, C4<0>, C4<0>;
L_0x5be137336890 .functor OR 1, L_0x5be137336650, L_0x5be1373366f0, C4<0>, C4<0>;
L_0x5be137336bf0 .functor OR 1, L_0x5be1373369a0, L_0x5be137336a40, C4<0>, C4<0>;
L_0x5be137336df0 .functor AND 1, L_0x5be137336bf0, v0x5be137332b60_0, C4<1>, C4<1>;
L_0x5be137336eb0 .functor AND 1, L_0x5be137336890, L_0x5be137336df0, C4<1>, C4<1>;
L_0x5be137337070 .functor AND 1, L_0x5be137336460, L_0x5be137336eb0, C4<1>, C4<1>;
L_0x5be137337180 .functor OR 1, L_0x5be137336120, L_0x5be137337070, C4<0>, C4<0>;
L_0x5be137337790 .functor AND 1, L_0x5be137337530, L_0x5be1373376f0, C4<1>, C4<1>;
L_0x5be137337d20 .functor OR 1, L_0x5be1373378a0, L_0x5be137337c80, C4<0>, C4<0>;
L_0x5be1373381d0 .functor AND 1, L_0x5be137337f50, L_0x5be137338130, C4<1>, C4<1>;
L_0x5be1373382e0 .functor AND 1, L_0x5be137337d20, L_0x5be1373381d0, C4<1>, C4<1>;
L_0x5be137338520 .functor OR 1, L_0x5be137337790, L_0x5be1373382e0, C4<0>, C4<0>;
L_0x5be1373388c0 .functor OR 1, L_0x5be137338630, L_0x5be137338820, C4<0>, C4<0>;
L_0x5be137338db0 .functor OR 1, L_0x5be137338b10, L_0x5be137338d10, C4<0>, C4<0>;
L_0x5be137338ec0 .functor AND 1, L_0x5be1373388c0, L_0x5be137338db0, C4<1>, C4<1>;
L_0x5be1373393d0 .functor AND 1, L_0x5be137339120, L_0x5be137339330, C4<1>, C4<1>;
L_0x5be1373394e0 .functor AND 1, L_0x5be137338ec0, L_0x5be1373393d0, C4<1>, C4<1>;
L_0x5be137339750 .functor OR 1, L_0x5be137338520, L_0x5be1373394e0, C4<0>, C4<0>;
L_0x5be137339b20 .functor OR 1, L_0x5be137339860, L_0x5be137339a80, C4<0>, C4<0>;
L_0x5be13733a070 .functor OR 1, L_0x5be137339da0, L_0x5be137339fd0, C4<0>, C4<0>;
L_0x5be13733a460 .functor OR 1, L_0x5be13733a180, L_0x5be13733a3c0, C4<0>, C4<0>;
L_0x5be13733aa10 .functor AND 1, L_0x5be13733a720, L_0x5be13733a970, C4<1>, C4<1>;
L_0x5be13733ab50 .functor AND 1, L_0x5be13733a460, L_0x5be13733aa10, C4<1>, C4<1>;
L_0x5be13733adf0 .functor AND 1, L_0x5be13733a070, L_0x5be13733ab50, C4<1>, C4<1>;
L_0x5be13733af00 .functor AND 1, L_0x5be137339b20, L_0x5be13733adf0, C4<1>, C4<1>;
L_0x5be13733b1b0 .functor OR 1, L_0x5be137339750, L_0x5be13733af00, C4<0>, C4<0>;
L_0x5be13733b5c0 .functor OR 1, L_0x5be13733b2c0, L_0x5be13733b520, C4<0>, C4<0>;
L_0x5be13733bb90 .functor OR 1, L_0x5be13733b880, L_0x5be13733baf0, C4<0>, C4<0>;
L_0x5be13733bfc0 .functor OR 1, L_0x5be13733bca0, L_0x5be13733bf20, C4<0>, C4<0>;
L_0x5be13733c5c0 .functor OR 1, L_0x5be13733c290, L_0x5be13733c520, C4<0>, C4<0>;
L_0x5be13733c6d0 .functor AND 1, L_0x5be13733c5c0, v0x5be137332b60_0, C4<1>, C4<1>;
L_0x5be13733c960 .functor AND 1, L_0x5be13733bfc0, L_0x5be13733c6d0, C4<1>, C4<1>;
L_0x5be13733ca70 .functor AND 1, L_0x5be13733bb90, L_0x5be13733c960, C4<1>, C4<1>;
L_0x5be13733cd60 .functor AND 1, L_0x5be13733b5c0, L_0x5be13733ca70, C4<1>, C4<1>;
L_0x5be13733ce70 .functor OR 1, L_0x5be13733b1b0, L_0x5be13733cd60, C4<0>, C4<0>;
L_0x5be13733d1c0 .functor XOR 4, v0x5be1373328b0_0, v0x5be137332990_0, C4<0000>, C4<0000>;
L_0x5be13733d9b0 .functor XOR 4, L_0x5be13733d1c0, L_0x5be13733d870, C4<0000>, C4<0000>;
v0x5be1372f34d0_0 .net *"_ivl_100", 0 0, L_0x5be137335c30;  1 drivers
v0x5be13732a830_0 .net *"_ivl_102", 0 0, L_0x5be137335e30;  1 drivers
v0x5be13732a910_0 .net *"_ivl_104", 0 0, L_0x5be137335f40;  1 drivers
v0x5be13732a9d0_0 .net *"_ivl_106", 0 0, L_0x5be137336120;  1 drivers
v0x5be13732aab0_0 .net *"_ivl_109", 0 0, L_0x5be137336230;  1 drivers
v0x5be13732abe0_0 .net *"_ivl_11", 0 0, L_0x5be137333130;  1 drivers
v0x5be13732acc0_0 .net *"_ivl_111", 0 0, L_0x5be1373362d0;  1 drivers
v0x5be13732ada0_0 .net *"_ivl_112", 0 0, L_0x5be137336460;  1 drivers
v0x5be13732ae80_0 .net *"_ivl_115", 0 0, L_0x5be137336650;  1 drivers
v0x5be13732af60_0 .net *"_ivl_117", 0 0, L_0x5be1373366f0;  1 drivers
v0x5be13732b040_0 .net *"_ivl_118", 0 0, L_0x5be137336890;  1 drivers
v0x5be13732b120_0 .net *"_ivl_12", 0 0, L_0x5be137333200;  1 drivers
v0x5be13732b200_0 .net *"_ivl_121", 0 0, L_0x5be1373369a0;  1 drivers
v0x5be13732b2e0_0 .net *"_ivl_123", 0 0, L_0x5be137336a40;  1 drivers
v0x5be13732b3c0_0 .net *"_ivl_124", 0 0, L_0x5be137336bf0;  1 drivers
v0x5be13732b4a0_0 .net *"_ivl_126", 0 0, L_0x5be137336df0;  1 drivers
v0x5be13732b580_0 .net *"_ivl_128", 0 0, L_0x5be137336eb0;  1 drivers
v0x5be13732b660_0 .net *"_ivl_130", 0 0, L_0x5be137337070;  1 drivers
v0x5be13732b740_0 .net *"_ivl_132", 0 0, L_0x5be137337180;  1 drivers
v0x5be13732b820_0 .net *"_ivl_138", 0 0, L_0x5be137337530;  1 drivers
v0x5be13732b900_0 .net *"_ivl_14", 0 0, L_0x5be137333340;  1 drivers
v0x5be13732b9e0_0 .net *"_ivl_140", 0 0, L_0x5be1373376f0;  1 drivers
v0x5be13732bac0_0 .net *"_ivl_141", 0 0, L_0x5be137337790;  1 drivers
v0x5be13732bba0_0 .net *"_ivl_144", 0 0, L_0x5be1373378a0;  1 drivers
v0x5be13732bc80_0 .net *"_ivl_146", 0 0, L_0x5be137337c80;  1 drivers
v0x5be13732bd60_0 .net *"_ivl_147", 0 0, L_0x5be137337d20;  1 drivers
v0x5be13732be40_0 .net *"_ivl_150", 0 0, L_0x5be137337f50;  1 drivers
v0x5be13732bf20_0 .net *"_ivl_152", 0 0, L_0x5be137338130;  1 drivers
v0x5be13732c000_0 .net *"_ivl_153", 0 0, L_0x5be1373381d0;  1 drivers
v0x5be13732c0e0_0 .net *"_ivl_155", 0 0, L_0x5be1373382e0;  1 drivers
v0x5be13732c1c0_0 .net *"_ivl_157", 0 0, L_0x5be137338520;  1 drivers
v0x5be13732c2a0_0 .net *"_ivl_16", 0 0, L_0x5be137333450;  1 drivers
v0x5be13732c380_0 .net *"_ivl_160", 0 0, L_0x5be137338630;  1 drivers
v0x5be13732c670_0 .net *"_ivl_162", 0 0, L_0x5be137338820;  1 drivers
v0x5be13732c750_0 .net *"_ivl_163", 0 0, L_0x5be1373388c0;  1 drivers
v0x5be13732c830_0 .net *"_ivl_166", 0 0, L_0x5be137338b10;  1 drivers
v0x5be13732c910_0 .net *"_ivl_168", 0 0, L_0x5be137338d10;  1 drivers
v0x5be13732c9f0_0 .net *"_ivl_169", 0 0, L_0x5be137338db0;  1 drivers
v0x5be13732cad0_0 .net *"_ivl_171", 0 0, L_0x5be137338ec0;  1 drivers
v0x5be13732cbb0_0 .net *"_ivl_174", 0 0, L_0x5be137339120;  1 drivers
v0x5be13732cc90_0 .net *"_ivl_176", 0 0, L_0x5be137339330;  1 drivers
v0x5be13732cd70_0 .net *"_ivl_177", 0 0, L_0x5be1373393d0;  1 drivers
v0x5be13732ce50_0 .net *"_ivl_179", 0 0, L_0x5be1373394e0;  1 drivers
v0x5be13732cf30_0 .net *"_ivl_181", 0 0, L_0x5be137339750;  1 drivers
v0x5be13732d010_0 .net *"_ivl_184", 0 0, L_0x5be137339860;  1 drivers
v0x5be13732d0f0_0 .net *"_ivl_186", 0 0, L_0x5be137339a80;  1 drivers
v0x5be13732d1d0_0 .net *"_ivl_187", 0 0, L_0x5be137339b20;  1 drivers
v0x5be13732d2b0_0 .net *"_ivl_190", 0 0, L_0x5be137339da0;  1 drivers
v0x5be13732d390_0 .net *"_ivl_192", 0 0, L_0x5be137339fd0;  1 drivers
v0x5be13732d470_0 .net *"_ivl_193", 0 0, L_0x5be13733a070;  1 drivers
v0x5be13732d550_0 .net *"_ivl_196", 0 0, L_0x5be13733a180;  1 drivers
v0x5be13732d630_0 .net *"_ivl_198", 0 0, L_0x5be13733a3c0;  1 drivers
v0x5be13732d710_0 .net *"_ivl_199", 0 0, L_0x5be13733a460;  1 drivers
v0x5be13732d7f0_0 .net *"_ivl_202", 0 0, L_0x5be13733a720;  1 drivers
v0x5be13732d8d0_0 .net *"_ivl_204", 0 0, L_0x5be13733a970;  1 drivers
v0x5be13732d9b0_0 .net *"_ivl_205", 0 0, L_0x5be13733aa10;  1 drivers
v0x5be13732da90_0 .net *"_ivl_207", 0 0, L_0x5be13733ab50;  1 drivers
v0x5be13732db70_0 .net *"_ivl_209", 0 0, L_0x5be13733adf0;  1 drivers
v0x5be13732dc50_0 .net *"_ivl_21", 0 0, L_0x5be137333590;  1 drivers
v0x5be13732dd30_0 .net *"_ivl_211", 0 0, L_0x5be13733af00;  1 drivers
v0x5be13732de10_0 .net *"_ivl_213", 0 0, L_0x5be13733b1b0;  1 drivers
v0x5be13732def0_0 .net *"_ivl_216", 0 0, L_0x5be13733b2c0;  1 drivers
v0x5be13732dfd0_0 .net *"_ivl_218", 0 0, L_0x5be13733b520;  1 drivers
v0x5be13732e0b0_0 .net *"_ivl_219", 0 0, L_0x5be13733b5c0;  1 drivers
v0x5be13732e190_0 .net *"_ivl_222", 0 0, L_0x5be13733b880;  1 drivers
v0x5be13732e680_0 .net *"_ivl_224", 0 0, L_0x5be13733baf0;  1 drivers
v0x5be13732e760_0 .net *"_ivl_225", 0 0, L_0x5be13733bb90;  1 drivers
v0x5be13732e840_0 .net *"_ivl_228", 0 0, L_0x5be13733bca0;  1 drivers
v0x5be13732e920_0 .net *"_ivl_23", 0 0, L_0x5be137333630;  1 drivers
v0x5be13732ea00_0 .net *"_ivl_230", 0 0, L_0x5be13733bf20;  1 drivers
v0x5be13732eae0_0 .net *"_ivl_231", 0 0, L_0x5be13733bfc0;  1 drivers
v0x5be13732ebc0_0 .net *"_ivl_234", 0 0, L_0x5be13733c290;  1 drivers
v0x5be13732eca0_0 .net *"_ivl_236", 0 0, L_0x5be13733c520;  1 drivers
v0x5be13732ed80_0 .net *"_ivl_237", 0 0, L_0x5be13733c5c0;  1 drivers
v0x5be13732ee60_0 .net *"_ivl_239", 0 0, L_0x5be13733c6d0;  1 drivers
v0x5be13732ef40_0 .net *"_ivl_24", 0 0, L_0x5be1373337a0;  1 drivers
v0x5be13732f020_0 .net *"_ivl_241", 0 0, L_0x5be13733c960;  1 drivers
v0x5be13732f100_0 .net *"_ivl_243", 0 0, L_0x5be13733ca70;  1 drivers
v0x5be13732f1e0_0 .net *"_ivl_245", 0 0, L_0x5be13733cd60;  1 drivers
v0x5be13732f2c0_0 .net *"_ivl_247", 0 0, L_0x5be13733ce70;  1 drivers
v0x5be13732f3a0_0 .net *"_ivl_249", 3 0, L_0x5be13733d1c0;  1 drivers
v0x5be13732f480_0 .net *"_ivl_252", 0 0, L_0x5be13733d230;  1 drivers
v0x5be13732f560_0 .net *"_ivl_254", 0 0, L_0x5be13733d520;  1 drivers
v0x5be13732f640_0 .net *"_ivl_256", 0 0, L_0x5be13733d5c0;  1 drivers
v0x5be13732f720_0 .net *"_ivl_257", 3 0, L_0x5be13733d870;  1 drivers
v0x5be13732f800_0 .net *"_ivl_27", 0 0, L_0x5be137333810;  1 drivers
v0x5be13732f8e0_0 .net *"_ivl_29", 0 0, L_0x5be1373338b0;  1 drivers
v0x5be13732f9c0_0 .net *"_ivl_3", 0 0, L_0x5be137332d70;  1 drivers
v0x5be13732faa0_0 .net *"_ivl_30", 0 0, L_0x5be1373339a0;  1 drivers
v0x5be13732fb80_0 .net *"_ivl_33", 0 0, L_0x5be137333af0;  1 drivers
v0x5be13732fc60_0 .net *"_ivl_35", 0 0, L_0x5be137333b90;  1 drivers
v0x5be13732fd40_0 .net *"_ivl_36", 0 0, L_0x5be137333c90;  1 drivers
v0x5be13732fe20_0 .net *"_ivl_38", 0 0, L_0x5be137333d50;  1 drivers
v0x5be13732ff00_0 .net *"_ivl_40", 0 0, L_0x5be137333eb0;  1 drivers
v0x5be13732ffe0_0 .net *"_ivl_43", 0 0, L_0x5be137333fc0;  1 drivers
v0x5be1373300c0_0 .net *"_ivl_45", 0 0, L_0x5be137334060;  1 drivers
v0x5be1373301a0_0 .net *"_ivl_46", 0 0, L_0x5be137334170;  1 drivers
v0x5be137330280_0 .net *"_ivl_49", 0 0, L_0x5be1373342e0;  1 drivers
v0x5be137330360_0 .net *"_ivl_5", 0 0, L_0x5be137332e90;  1 drivers
v0x5be137330440_0 .net *"_ivl_51", 0 0, L_0x5be137334380;  1 drivers
v0x5be137330520_0 .net *"_ivl_52", 0 0, L_0x5be137334100;  1 drivers
v0x5be137330600_0 .net *"_ivl_54", 0 0, L_0x5be1373344f0;  1 drivers
v0x5be1373306e0_0 .net *"_ivl_56", 0 0, L_0x5be137334620;  1 drivers
v0x5be1373307c0_0 .net *"_ivl_58", 0 0, L_0x5be137334730;  1 drivers
v0x5be1373308a0_0 .net *"_ivl_6", 0 0, L_0x5be137332f80;  1 drivers
v0x5be137330980_0 .net *"_ivl_63", 0 0, L_0x5be1373348c0;  1 drivers
v0x5be137330a60_0 .net *"_ivl_65", 0 0, L_0x5be137334960;  1 drivers
v0x5be137330b40_0 .net *"_ivl_66", 0 0, L_0x5be1373345b0;  1 drivers
v0x5be137330c20_0 .net *"_ivl_69", 0 0, L_0x5be137334b30;  1 drivers
v0x5be137330d00_0 .net *"_ivl_71", 0 0, L_0x5be137334bd0;  1 drivers
v0x5be137330de0_0 .net *"_ivl_72", 0 0, L_0x5be137334d10;  1 drivers
v0x5be137330ec0_0 .net *"_ivl_75", 0 0, L_0x5be137334eb0;  1 drivers
v0x5be137330fa0_0 .net *"_ivl_77", 0 0, L_0x5be137334f50;  1 drivers
v0x5be137331080_0 .net *"_ivl_78", 0 0, L_0x5be1373350a0;  1 drivers
v0x5be137331160_0 .net *"_ivl_80", 0 0, L_0x5be1373351b0;  1 drivers
v0x5be137331240_0 .net *"_ivl_82", 0 0, L_0x5be137335360;  1 drivers
v0x5be137331320_0 .net *"_ivl_85", 0 0, L_0x5be137334c70;  1 drivers
v0x5be137331400_0 .net *"_ivl_87", 0 0, L_0x5be137335470;  1 drivers
v0x5be1373314e0_0 .net *"_ivl_88", 0 0, L_0x5be1373355d0;  1 drivers
v0x5be1373315c0_0 .net *"_ivl_9", 0 0, L_0x5be137333090;  1 drivers
v0x5be1373316a0_0 .net *"_ivl_91", 0 0, L_0x5be1373352c0;  1 drivers
v0x5be137331780_0 .net *"_ivl_93", 0 0, L_0x5be137335790;  1 drivers
v0x5be137331860_0 .net *"_ivl_94", 0 0, L_0x5be137335900;  1 drivers
v0x5be137331940_0 .net *"_ivl_97", 0 0, L_0x5be137335a10;  1 drivers
v0x5be137331a20_0 .net *"_ivl_99", 0 0, L_0x5be137335ab0;  1 drivers
v0x5be137331b00_0 .net "a", 3 0, v0x5be1373328b0_0;  1 drivers
v0x5be137331be0_0 .net "b", 3 0, v0x5be137332990_0;  1 drivers
v0x5be137331cc0_0 .net "carry", 0 0, L_0x5be13733dd10;  alias, 1 drivers
v0x5be137331d80_0 .net "cin", 0 0, v0x5be137332b60_0;  1 drivers
v0x5be137332650_0 .net "cout", 3 0, L_0x5be1373373a0;  1 drivers
v0x5be137332730_0 .net "sum", 3 0, L_0x5be13733d9b0;  alias, 1 drivers
L_0x5be137332d70 .part v0x5be1373328b0_0, 0, 1;
L_0x5be137332e90 .part v0x5be137332990_0, 0, 1;
L_0x5be137333090 .part v0x5be1373328b0_0, 0, 1;
L_0x5be137333130 .part v0x5be137332990_0, 0, 1;
L_0x5be137333590 .part v0x5be1373328b0_0, 1, 1;
L_0x5be137333630 .part v0x5be137332990_0, 1, 1;
L_0x5be137333810 .part v0x5be1373328b0_0, 1, 1;
L_0x5be1373338b0 .part v0x5be137332990_0, 1, 1;
L_0x5be137333af0 .part v0x5be1373328b0_0, 0, 1;
L_0x5be137333b90 .part v0x5be137332990_0, 0, 1;
L_0x5be137333fc0 .part v0x5be1373328b0_0, 1, 1;
L_0x5be137334060 .part v0x5be137332990_0, 1, 1;
L_0x5be1373342e0 .part v0x5be1373328b0_0, 0, 1;
L_0x5be137334380 .part v0x5be137332990_0, 0, 1;
L_0x5be1373348c0 .part v0x5be1373328b0_0, 2, 1;
L_0x5be137334960 .part v0x5be137332990_0, 2, 1;
L_0x5be137334b30 .part v0x5be137332990_0, 2, 1;
L_0x5be137334bd0 .part v0x5be137332990_0, 2, 1;
L_0x5be137334eb0 .part v0x5be1373328b0_0, 1, 1;
L_0x5be137334f50 .part v0x5be137332990_0, 1, 1;
L_0x5be137334c70 .part v0x5be137332990_0, 2, 1;
L_0x5be137335470 .part v0x5be137332990_0, 2, 1;
L_0x5be1373352c0 .part v0x5be1373328b0_0, 1, 1;
L_0x5be137335790 .part v0x5be137332990_0, 1, 1;
L_0x5be137335a10 .part v0x5be1373328b0_0, 0, 1;
L_0x5be137335ab0 .part v0x5be137332990_0, 0, 1;
L_0x5be137336230 .part v0x5be137332990_0, 2, 1;
L_0x5be1373362d0 .part v0x5be137332990_0, 2, 1;
L_0x5be137336650 .part v0x5be1373328b0_0, 1, 1;
L_0x5be1373366f0 .part v0x5be137332990_0, 1, 1;
L_0x5be1373369a0 .part v0x5be1373328b0_0, 0, 1;
L_0x5be137336a40 .part v0x5be137332990_0, 0, 1;
L_0x5be1373373a0 .concat8 [ 1 1 1 1], L_0x5be137333450, L_0x5be137334730, L_0x5be137337180, L_0x5be13733ce70;
L_0x5be137337530 .part v0x5be1373328b0_0, 3, 1;
L_0x5be1373376f0 .part v0x5be137332990_0, 3, 1;
L_0x5be1373378a0 .part v0x5be1373328b0_0, 3, 1;
L_0x5be137337c80 .part v0x5be137332990_0, 3, 1;
L_0x5be137337f50 .part v0x5be1373328b0_0, 2, 1;
L_0x5be137338130 .part v0x5be137332990_0, 2, 1;
L_0x5be137338630 .part v0x5be1373328b0_0, 3, 1;
L_0x5be137338820 .part v0x5be137332990_0, 3, 1;
L_0x5be137338b10 .part v0x5be137332990_0, 2, 1;
L_0x5be137338d10 .part v0x5be137332990_0, 2, 1;
L_0x5be137339120 .part v0x5be1373328b0_0, 1, 1;
L_0x5be137339330 .part v0x5be137332990_0, 1, 1;
L_0x5be137339860 .part v0x5be1373328b0_0, 3, 1;
L_0x5be137339a80 .part v0x5be137332990_0, 3, 1;
L_0x5be137339da0 .part v0x5be137332990_0, 2, 1;
L_0x5be137339fd0 .part v0x5be137332990_0, 2, 1;
L_0x5be13733a180 .part v0x5be1373328b0_0, 1, 1;
L_0x5be13733a3c0 .part v0x5be137332990_0, 1, 1;
L_0x5be13733a720 .part v0x5be1373328b0_0, 0, 1;
L_0x5be13733a970 .part v0x5be137332990_0, 0, 1;
L_0x5be13733b2c0 .part v0x5be1373328b0_0, 3, 1;
L_0x5be13733b520 .part v0x5be137332990_0, 3, 1;
L_0x5be13733b880 .part v0x5be137332990_0, 2, 1;
L_0x5be13733baf0 .part v0x5be137332990_0, 2, 1;
L_0x5be13733bca0 .part v0x5be1373328b0_0, 1, 1;
L_0x5be13733bf20 .part v0x5be137332990_0, 1, 1;
L_0x5be13733c290 .part v0x5be1373328b0_0, 0, 1;
L_0x5be13733c520 .part v0x5be137332990_0, 0, 1;
L_0x5be13733d230 .part L_0x5be1373373a0, 2, 1;
L_0x5be13733d520 .part L_0x5be1373373a0, 1, 1;
L_0x5be13733d5c0 .part L_0x5be1373373a0, 0, 1;
L_0x5be13733d870 .concat [ 1 1 1 1], v0x5be137332b60_0, L_0x5be13733d5c0, L_0x5be13733d520, L_0x5be13733d230;
L_0x5be13733dd10 .part L_0x5be1373373a0, 3, 1;
    .scope S_0x5be1372f3160;
T_0 ;
    %pushi/vec4 0, 0, 32;
    %store/vec4 v0x5be137332c30_0, 0, 32;
T_0.0 ;
    %load/vec4 v0x5be137332c30_0;
    %cmpi/s 20, 0, 32;
    %flag_or 5, 4;
    %jmp/0xz T_0.1, 5;
    %delay 10, 0;
    %vpi_func 2 60 "$urandom_range" 32, 32'sb00000000000000000000000000000000, 32'sb00000000000000000000000000001010 {0 0 0};
    %pad/u 4;
    %store/vec4 v0x5be1373328b0_0, 0, 4;
    %vpi_func 2 61 "$urandom_range" 32, 32'sb00000000000000000000000000000000, 32'sb00000000000000000000000000001010 {0 0 0};
    %pad/u 4;
    %store/vec4 v0x5be137332990_0, 0, 4;
    %vpi_func 2 62 "$urandom_range" 32, 32'sb00000000000000000000000000000000, 32'sb00000000000000000000000000000001 {0 0 0};
    %pad/u 1;
    %store/vec4 v0x5be137332b60_0, 0, 1;
    %load/vec4 v0x5be137332c30_0;
    %addi 1, 0, 32;
    %store/vec4 v0x5be137332c30_0, 0, 32;
    %jmp T_0.0;
T_0.1 ;
    %end;
    .thread T_0;
    .scope S_0x5be1372f3160;
T_1 ;
    %vpi_call 2 72 "$monitor", "Time = %0t | a = %b | b = %b | cin = %b | sum = %b | carry = %b", $time, v0x5be1373328b0_0, v0x5be137332990_0, v0x5be137332b60_0, v0x5be137332cd0_0, v0x5be137332a60_0 {0 0 0};
    %end;
    .thread T_1;
    .scope S_0x5be1372f3160;
T_2 ;
    %vpi_call 2 76 "$dumpfile", "cla.vcd" {0 0 0};
    %vpi_call 2 77 "$dumpvars", 32'sb00000000000000000000000000000000, S_0x5be1372f3160 {0 0 0};
    %end;
    .thread T_2;
# The file index is used to find the file name in the following table.
:file_names 4;
    "N/A";
    "<interactive>";
    "CLA_tb.v";
    "CLA.v";
