#! /usr/bin/vvp
:ivl_version "12.0 (stable)";
:ivl_delay_selection "TYPICAL";
:vpi_time_precision + 0;
:vpi_module "/usr/lib/x86_64-linux-gnu/ivl/system.vpi";
:vpi_module "/usr/lib/x86_64-linux-gnu/ivl/vhdl_sys.vpi";
:vpi_module "/usr/lib/x86_64-linux-gnu/ivl/vhdl_textio.vpi";
:vpi_module "/usr/lib/x86_64-linux-gnu/ivl/v2005_math.vpi";
:vpi_module "/usr/lib/x86_64-linux-gnu/ivl/va_math.vpi";
S_0x5563cd82d7f0 .scope module, "tb" "tb" 2 1;
 .timescale 0 0;
v0x5563cd842290_0 .var/i "i", 31 0;
v0x5563cd842370_0 .var "in", 3 0;
v0x5563cd842430_0 .net "out", 4 0, L_0x5563cd842bb0;  1 drivers
S_0x5563cd82d980 .scope module, "dut" "even_parity" 2 6, 3 1 0, S_0x5563cd82d7f0;
 .timescale 0 0;
    .port_info 0 /INPUT 4 "in";
    .port_info 1 /OUTPUT 5 "out";
L_0x5563cd8426a0 .functor XOR 1, L_0x5563cd842530, L_0x5563cd842600, C4<0>, C4<0>;
L_0x5563cd842910 .functor XOR 1, L_0x5563cd8426a0, L_0x5563cd8427e0, C4<0>, C4<0>;
L_0x5563cd842aa0 .functor XOR 1, L_0x5563cd842910, L_0x5563cd8429d0, C4<0>, C4<0>;
v0x5563cd82db60_0 .net *"_ivl_1", 0 0, L_0x5563cd842530;  1 drivers
v0x5563cd841b00_0 .net *"_ivl_11", 0 0, L_0x5563cd8429d0;  1 drivers
v0x5563cd841be0_0 .net *"_ivl_12", 0 0, L_0x5563cd842aa0;  1 drivers
v0x5563cd841ca0_0 .net *"_ivl_3", 0 0, L_0x5563cd842600;  1 drivers
v0x5563cd841d80_0 .net *"_ivl_4", 0 0, L_0x5563cd8426a0;  1 drivers
v0x5563cd841eb0_0 .net *"_ivl_7", 0 0, L_0x5563cd8427e0;  1 drivers
v0x5563cd841f90_0 .net *"_ivl_8", 0 0, L_0x5563cd842910;  1 drivers
v0x5563cd842070_0 .net "in", 3 0, v0x5563cd842370_0;  1 drivers
v0x5563cd842150_0 .net "out", 4 0, L_0x5563cd842bb0;  alias, 1 drivers
L_0x5563cd842530 .part v0x5563cd842370_0, 3, 1;
L_0x5563cd842600 .part v0x5563cd842370_0, 2, 1;
L_0x5563cd8427e0 .part v0x5563cd842370_0, 1, 1;
L_0x5563cd8429d0 .part v0x5563cd842370_0, 0, 1;
L_0x5563cd842bb0 .concat [ 4 1 0 0], v0x5563cd842370_0, L_0x5563cd842aa0;
    .scope S_0x5563cd82d7f0;
T_0 ;
    %pushi/vec4 0, 0, 32;
    %store/vec4 v0x5563cd842290_0, 0, 32;
T_0.0 ;
    %load/vec4 v0x5563cd842290_0;
    %cmpi/s 10, 0, 32;
    %jmp/0xz T_0.1, 5;
    %vpi_func 2 11 "$urandom_range" 32, 32'sb00000000000000000000000000000000, 32'sb00000000000000000000000000001010 {0 0 0};
    %pad/u 4;
    %store/vec4 v0x5563cd842370_0, 0, 4;
    %delay 10, 0;
    %load/vec4 v0x5563cd842290_0;
    %addi 1, 0, 32;
    %store/vec4 v0x5563cd842290_0, 0, 32;
    %jmp T_0.0;
T_0.1 ;
    %end;
    .thread T_0;
    .scope S_0x5563cd82d7f0;
T_1 ;
    %vpi_call 2 18 "$monitor", "Time = %0t , in = %0b , out = %0b", $time, v0x5563cd842370_0, v0x5563cd842430_0 {0 0 0};
    %vpi_call 2 19 "$dumpfile", "parity.vcd" {0 0 0};
    %vpi_call 2 20 "$dumpvars", 32'sb00000000000000000000000000000000, S_0x5563cd82d7f0 {0 0 0};
    %end;
    .thread T_1;
# The file index is used to find the file name in the following table.
:file_names 4;
    "N/A";
    "<interactive>";
    "tb.v";
    "even_parity_detector.v";
