#! /usr/bin/vvp
:ivl_version "12.0 (stable)";
:ivl_delay_selection "TYPICAL";
:vpi_time_precision + 0;
:vpi_module "/usr/lib/x86_64-linux-gnu/ivl/system.vpi";
:vpi_module "/usr/lib/x86_64-linux-gnu/ivl/vhdl_sys.vpi";
:vpi_module "/usr/lib/x86_64-linux-gnu/ivl/vhdl_textio.vpi";
:vpi_module "/usr/lib/x86_64-linux-gnu/ivl/v2005_math.vpi";
:vpi_module "/usr/lib/x86_64-linux-gnu/ivl/va_math.vpi";
S_0x5a5fc08246b0 .scope module, "tb_top" "tb_top" 2 1;
 .timescale 0 0;
v0x5a5fc084c1f0_0 .net "carry", 0 0, L_0x5a5fc0814be0;  1 drivers
v0x5a5fc084c2e0_0 .var "clk", 0 0;
v0x5a5fc084c380_0 .var/i "i", 31 0;
v0x5a5fc084c420_0 .var "in1", 3 0;
v0x5a5fc084c530_0 .var "in2", 3 0;
v0x5a5fc084c690_0 .var "load", 0 0;
v0x5a5fc084c780_0 .var "reset", 0 0;
v0x5a5fc084c870_0 .net "sum", 3 0, L_0x5a5fc08190a0;  1 drivers
E_0x5a5fc0823300 .event posedge, v0x5a5fc0819240_0;
S_0x5a5fc0824840 .scope module, "uut" "Top" 2 12, 3 1 0, S_0x5a5fc08246b0;
 .timescale 0 0;
    .port_info 0 /INPUT 4 "in1";
    .port_info 1 /INPUT 4 "in2";
    .port_info 2 /INPUT 1 "clk";
    .port_info 3 /INPUT 1 "reset";
    .port_info 4 /INPUT 1 "load";
    .port_info 5 /OUTPUT 4 "sum";
    .port_info 6 /OUTPUT 1 "carry";
L_0x5a5fc0814be0 .functor BUFZ 1, L_0x5a5fc084cbd0, C4<0>, C4<0>, C4<0>;
v0x5a5fc084b1c0_0 .net "FA_carry", 0 0, L_0x5a5fc084cbd0;  1 drivers
v0x5a5fc084b280_0 .net "FA_sum", 0 0, L_0x5a5fc084ccc0;  1 drivers
L_0x7de25ff29060 .functor BUFT 1, C4<0>, C4<0>, C4<0>, C4<0>;
v0x5a5fc084b320_0 .net *"_ivl_10", 0 0, L_0x7de25ff29060;  1 drivers
v0x5a5fc084b3c0_0 .net *"_ivl_11", 1 0, L_0x5a5fc084d010;  1 drivers
v0x5a5fc084b480_0 .net *"_ivl_13", 1 0, L_0x5a5fc084d150;  1 drivers
L_0x7de25ff290a8 .functor BUFT 1, C4<0>, C4<0>, C4<0>, C4<0>;
v0x5a5fc084b560_0 .net *"_ivl_16", 0 0, L_0x7de25ff290a8;  1 drivers
v0x5a5fc084b640_0 .net *"_ivl_17", 1 0, L_0x5a5fc084d280;  1 drivers
v0x5a5fc084b720_0 .net *"_ivl_3", 1 0, L_0x5a5fc084ce00;  1 drivers
L_0x7de25ff29018 .functor BUFT 1, C4<0>, C4<0>, C4<0>, C4<0>;
v0x5a5fc084b800_0 .net *"_ivl_6", 0 0, L_0x7de25ff29018;  1 drivers
v0x5a5fc084b970_0 .net *"_ivl_7", 1 0, L_0x5a5fc084cef0;  1 drivers
v0x5a5fc084ba50_0 .net "carry", 0 0, L_0x5a5fc0814be0;  alias, 1 drivers
v0x5a5fc084bb10_0 .net "clk", 0 0, v0x5a5fc084c2e0_0;  1 drivers
v0x5a5fc084bbb0_0 .net "in1", 3 0, v0x5a5fc084c420_0;  1 drivers
v0x5a5fc084bc50_0 .net "in2", 3 0, v0x5a5fc084c530_0;  1 drivers
v0x5a5fc084bcf0_0 .net "load", 0 0, v0x5a5fc084c690_0;  1 drivers
v0x5a5fc084bdc0_0 .net "reset", 0 0, v0x5a5fc084c780_0;  1 drivers
v0x5a5fc084be90_0 .net "sum", 3 0, L_0x5a5fc08190a0;  alias, 1 drivers
v0x5a5fc084bf60_0 .net "w1", 0 0, L_0x5a5fc084c980;  1 drivers
v0x5a5fc084c030_0 .net "w2", 0 0, L_0x5a5fc084ca70;  1 drivers
v0x5a5fc084c100_0 .net "w3", 0 0, v0x5a5fc084ac00_0;  1 drivers
L_0x5a5fc084cbd0 .part L_0x5a5fc084d280, 1, 1;
L_0x5a5fc084ccc0 .part L_0x5a5fc084d280, 0, 1;
L_0x5a5fc084ce00 .concat [ 1 1 0 0], L_0x5a5fc084c980, L_0x7de25ff29018;
L_0x5a5fc084cef0 .concat [ 1 1 0 0], L_0x5a5fc084ca70, L_0x7de25ff29060;
L_0x5a5fc084d010 .arith/sum 2, L_0x5a5fc084ce00, L_0x5a5fc084cef0;
L_0x5a5fc084d150 .concat [ 1 1 0 0], v0x5a5fc084ac00_0, L_0x7de25ff290a8;
L_0x5a5fc084d280 .arith/sum 2, L_0x5a5fc084d010, L_0x5a5fc084d150;
S_0x5a5fc082b880 .scope module, "u1" "shift" 3 12, 3 35 0, S_0x5a5fc0824840;
 .timescale 0 0;
    .port_info 0 /INPUT 4 "in1";
    .port_info 1 /INPUT 4 "in2";
    .port_info 2 /INPUT 1 "reset";
    .port_info 3 /INPUT 1 "clk";
    .port_info 4 /INPUT 1 "load";
    .port_info 5 /INPUT 1 "sumin";
    .port_info 6 /INPUT 1 "dffcarryin";
    .port_info 7 /OUTPUT 1 "y1";
    .port_info 8 /OUTPUT 1 "y2";
    .port_info 9 /OUTPUT 1 "dffcarryout";
    .port_info 10 /OUTPUT 4 "sumout";
L_0x5a5fc08190a0 .functor BUFZ 4, v0x5a5fc084ab20_0, C4<0000>, C4<0000>, C4<0000>;
v0x5a5fc0819240_0 .net "clk", 0 0, v0x5a5fc084c2e0_0;  alias, 1 drivers
v0x5a5fc0814390_0 .net "dffcarryin", 0 0, L_0x5a5fc084cbd0;  alias, 1 drivers
v0x5a5fc0814430_0 .net "dffcarryout", 0 0, v0x5a5fc084ac00_0;  alias, 1 drivers
v0x5a5fc0814d00_0 .net "in1", 3 0, v0x5a5fc084c420_0;  alias, 1 drivers
v0x5a5fc0814da0_0 .net "in2", 3 0, v0x5a5fc084c530_0;  alias, 1 drivers
v0x5a5fc084a800_0 .net "load", 0 0, v0x5a5fc084c690_0;  alias, 1 drivers
v0x5a5fc084a8c0_0 .net "reset", 0 0, v0x5a5fc084c780_0;  alias, 1 drivers
v0x5a5fc084a980_0 .net "sumin", 0 0, L_0x5a5fc084ccc0;  alias, 1 drivers
v0x5a5fc084aa40_0 .net "sumout", 3 0, L_0x5a5fc08190a0;  alias, 1 drivers
v0x5a5fc084ab20_0 .var "sumout_temp", 3 0;
v0x5a5fc084ac00_0 .var "temp1", 0 0;
v0x5a5fc084acc0_0 .var "tempA", 3 0;
v0x5a5fc084ada0_0 .var "tempB", 3 0;
v0x5a5fc084ae80_0 .net "y1", 0 0, L_0x5a5fc084c980;  alias, 1 drivers
v0x5a5fc084af40_0 .net "y2", 0 0, L_0x5a5fc084ca70;  alias, 1 drivers
E_0x5a5fc0822cf0 .event posedge, v0x5a5fc084a8c0_0, v0x5a5fc0819240_0;
L_0x5a5fc084c980 .part v0x5a5fc084acc0_0, 0, 1;
L_0x5a5fc084ca70 .part v0x5a5fc084ada0_0, 0, 1;
    .scope S_0x5a5fc082b880;
T_0 ;
    %wait E_0x5a5fc0822cf0;
    %load/vec4 v0x5a5fc084a8c0_0;
    %flag_set/vec4 8;
    %jmp/0xz  T_0.0, 8;
    %pushi/vec4 0, 0, 4;
    %assign/vec4 v0x5a5fc084acc0_0, 0;
    %pushi/vec4 0, 0, 4;
    %assign/vec4 v0x5a5fc084ada0_0, 0;
    %jmp T_0.1;
T_0.0 ;
    %load/vec4 v0x5a5fc084a800_0;
    %flag_set/vec4 8;
    %jmp/0xz  T_0.2, 8;
    %load/vec4 v0x5a5fc0814d00_0;
    %assign/vec4 v0x5a5fc084acc0_0, 0;
    %load/vec4 v0x5a5fc0814da0_0;
    %assign/vec4 v0x5a5fc084ada0_0, 0;
    %jmp T_0.3;
T_0.2 ;
    %pushi/vec4 0, 0, 1;
    %load/vec4 v0x5a5fc084acc0_0;
    %parti/s 3, 1, 2;
    %concat/vec4; draw_concat_vec4
    %assign/vec4 v0x5a5fc084acc0_0, 0;
    %pushi/vec4 0, 0, 1;
    %load/vec4 v0x5a5fc084ada0_0;
    %parti/s 3, 1, 2;
    %concat/vec4; draw_concat_vec4
    %assign/vec4 v0x5a5fc084ada0_0, 0;
T_0.3 ;
T_0.1 ;
    %jmp T_0;
    .thread T_0;
    .scope S_0x5a5fc082b880;
T_1 ;
    %wait E_0x5a5fc0822cf0;
    %load/vec4 v0x5a5fc084a8c0_0;
    %flag_set/vec4 8;
    %jmp/0xz  T_1.0, 8;
    %pushi/vec4 0, 0, 4;
    %assign/vec4 v0x5a5fc084ab20_0, 0;
    %jmp T_1.1;
T_1.0 ;
    %load/vec4 v0x5a5fc084ab20_0;
    %ix/load 4, 1, 0;
    %flag_set/imm 4, 0;
    %shiftr 4;
    %assign/vec4 v0x5a5fc084ab20_0, 0;
    %load/vec4 v0x5a5fc084a980_0;
    %ix/load 4, 3, 0;
    %ix/load 5, 0, 0;
    %flag_set/imm 4, 0;
    %assign/vec4/off/d v0x5a5fc084ab20_0, 4, 5;
T_1.1 ;
    %jmp T_1;
    .thread T_1;
    .scope S_0x5a5fc082b880;
T_2 ;
    %wait E_0x5a5fc0822cf0;
    %load/vec4 v0x5a5fc084a8c0_0;
    %flag_set/vec4 8;
    %jmp/0xz  T_2.0, 8;
    %pushi/vec4 0, 0, 1;
    %assign/vec4 v0x5a5fc084ac00_0, 0;
    %jmp T_2.1;
T_2.0 ;
    %load/vec4 v0x5a5fc0814390_0;
    %assign/vec4 v0x5a5fc084ac00_0, 0;
T_2.1 ;
    %jmp T_2;
    .thread T_2;
    .scope S_0x5a5fc08246b0;
T_3 ;
    %delay 5, 0;
    %load/vec4 v0x5a5fc084c2e0_0;
    %inv;
    %store/vec4 v0x5a5fc084c2e0_0, 0, 1;
    %jmp T_3;
    .thread T_3;
    .scope S_0x5a5fc08246b0;
T_4 ;
    %pushi/vec4 0, 0, 1;
    %store/vec4 v0x5a5fc084c2e0_0, 0, 1;
    %pushi/vec4 0, 0, 32;
    %store/vec4 v0x5a5fc084c380_0, 0, 32;
T_4.0 ;
    %load/vec4 v0x5a5fc084c380_0;
    %cmpi/s 4, 0, 32;
    %flag_or 5, 4;
    %jmp/0xz T_4.1, 5;
    %pushi/vec4 1, 0, 1;
    %store/vec4 v0x5a5fc084c780_0, 0, 1;
    %pushi/vec4 0, 0, 1;
    %store/vec4 v0x5a5fc084c690_0, 0, 1;
    %delay 10, 0;
    %pushi/vec4 0, 0, 1;
    %store/vec4 v0x5a5fc084c780_0, 0, 1;
    %pushi/vec4 1, 0, 1;
    %store/vec4 v0x5a5fc084c690_0, 0, 1;
    %wait E_0x5a5fc0823300;
    %vpi_func 2 36 "$urandom_range" 32, 32'sb00000000000000000000000000000001, 32'sb00000000000000000000000000001111 {0 0 0};
    %pad/u 4;
    %store/vec4 v0x5a5fc084c420_0, 0, 4;
    %vpi_func 2 37 "$urandom_range" 32, 32'sb00000000000000000000000000000001, 32'sb00000000000000000000000000001111 {0 0 0};
    %pad/u 4;
    %store/vec4 v0x5a5fc084c530_0, 0, 4;
    %wait E_0x5a5fc0823300;
    %pushi/vec4 0, 0, 1;
    %store/vec4 v0x5a5fc084c690_0, 0, 1;
    %pushi/vec4 4, 0, 32;
T_4.2 %dup/vec4;
    %pushi/vec4 0, 0, 32;
    %cmp/s;
    %jmp/1xz T_4.3, 5;
    %jmp/1 T_4.3, 4;
    %pushi/vec4 1, 0, 32;
    %sub;
    %delay 10, 0;
    %jmp T_4.2;
T_4.3 ;
    %pop/vec4 1;
    %vpi_call 2 44 "$display", "in1 = %0d , in2 = %0d, Final Sum: %d, Carry: %d", v0x5a5fc084c420_0, v0x5a5fc084c530_0, v0x5a5fc084c870_0, v0x5a5fc084c1f0_0 {0 0 0};
    %load/vec4 v0x5a5fc084c380_0;
    %addi 1, 0, 32;
    %store/vec4 v0x5a5fc084c380_0, 0, 32;
    %jmp T_4.0;
T_4.1 ;
    %vpi_call 2 47 "$finish" {0 0 0};
    %end;
    .thread T_4;
    .scope S_0x5a5fc08246b0;
T_5 ;
    %vpi_call 2 76 "$monitor", "%0t\011%d\011%d\011%04d\011%04d\011%04d\011%d", $time, v0x5a5fc084c780_0, v0x5a5fc084c690_0, v0x5a5fc084c420_0, v0x5a5fc084c530_0, v0x5a5fc084c870_0, v0x5a5fc084c1f0_0 {0 0 0};
    %vpi_call 2 77 "$dumpfile", "serial_adder.vcd" {0 0 0};
    %vpi_call 2 78 "$dumpvars", 32'sb00000000000000000000000000000000, S_0x5a5fc08246b0 {0 0 0};
    %end;
    .thread T_5;
# The file index is used to find the file name in the following table.
:file_names 4;
    "N/A";
    "<interactive>";
    "serial_adder_tb.v";
    "serial_adder.v";
