#! /usr/bin/vvp
:ivl_version "12.0 (stable)";
:ivl_delay_selection "TYPICAL";
:vpi_time_precision + 0;
:vpi_module "/usr/lib/x86_64-linux-gnu/ivl/system.vpi";
:vpi_module "/usr/lib/x86_64-linux-gnu/ivl/vhdl_sys.vpi";
:vpi_module "/usr/lib/x86_64-linux-gnu/ivl/vhdl_textio.vpi";
:vpi_module "/usr/lib/x86_64-linux-gnu/ivl/v2005_math.vpi";
:vpi_module "/usr/lib/x86_64-linux-gnu/ivl/va_math.vpi";
S_0x5591085f42d0 .scope module, "tb" "tb" 2 1;
 .timescale 0 0;
v0x559108609b60_0 .var "binary", 3 0;
v0x559108609c20_0 .net "gray", 3 0, L_0x55910860a430;  1 drivers
v0x559108609cf0_0 .var/i "i", 31 0;
S_0x5591085f4460 .scope module, "dut" "b2g" 2 5, 3 1 0, S_0x5591085f42d0;
 .timescale 0 0;
    .port_info 0 /INPUT 4 "binary";
    .port_info 1 /OUTPUT 4 "gray";
L_0x55910860a090 .functor XOR 1, L_0x559108609e90, L_0x559108609f30, C4<0>, C4<0>;
L_0x55910860a2f0 .functor XOR 1, L_0x55910860a180, L_0x55910860a250, C4<0>, C4<0>;
L_0x55910860a7e0 .functor XOR 1, L_0x55910860a650, L_0x55910860a6f0, C4<0>, C4<0>;
v0x5591085e1cd0_0 .net *"_ivl_10", 0 0, L_0x55910860a090;  1 drivers
v0x559108609130_0 .net *"_ivl_15", 0 0, L_0x55910860a180;  1 drivers
v0x559108609210_0 .net *"_ivl_17", 0 0, L_0x55910860a250;  1 drivers
v0x5591086092d0_0 .net *"_ivl_18", 0 0, L_0x55910860a2f0;  1 drivers
v0x5591086093b0_0 .net *"_ivl_24", 0 0, L_0x55910860a650;  1 drivers
v0x5591086094e0_0 .net *"_ivl_26", 0 0, L_0x55910860a6f0;  1 drivers
v0x5591086095c0_0 .net *"_ivl_27", 0 0, L_0x55910860a7e0;  1 drivers
v0x5591086096a0_0 .net *"_ivl_3", 0 0, L_0x559108609dc0;  1 drivers
v0x559108609780_0 .net *"_ivl_7", 0 0, L_0x559108609e90;  1 drivers
v0x559108609860_0 .net *"_ivl_9", 0 0, L_0x559108609f30;  1 drivers
v0x559108609940_0 .net "binary", 3 0, v0x559108609b60_0;  1 drivers
v0x559108609a20_0 .net "gray", 3 0, L_0x55910860a430;  alias, 1 drivers
L_0x559108609dc0 .part v0x559108609b60_0, 3, 1;
L_0x559108609e90 .part v0x559108609b60_0, 3, 1;
L_0x559108609f30 .part v0x559108609b60_0, 2, 1;
L_0x55910860a180 .part v0x559108609b60_0, 2, 1;
L_0x55910860a250 .part v0x559108609b60_0, 1, 1;
L_0x55910860a430 .concat8 [ 1 1 1 1], L_0x55910860a7e0, L_0x55910860a2f0, L_0x55910860a090, L_0x559108609dc0;
L_0x55910860a650 .part v0x559108609b60_0, 1, 1;
L_0x55910860a6f0 .part v0x559108609b60_0, 0, 1;
    .scope S_0x5591085f42d0;
T_0 ;
    %pushi/vec4 0, 0, 32;
    %store/vec4 v0x559108609cf0_0, 0, 32;
T_0.0 ;
    %load/vec4 v0x559108609cf0_0;
    %cmpi/s 15, 0, 32;
    %jmp/0xz T_0.1, 5;
    %load/vec4 v0x559108609cf0_0;
    %pad/s 4;
    %store/vec4 v0x559108609b60_0, 0, 4;
    %delay 10, 0;
    %load/vec4 v0x559108609cf0_0;
    %addi 1, 0, 32;
    %store/vec4 v0x559108609cf0_0, 0, 32;
    %jmp T_0.0;
T_0.1 ;
    %end;
    .thread T_0;
    .scope S_0x5591085f42d0;
T_1 ;
    %vpi_call 2 18 "$monitor", "Time = %0t , binary = %0d , gray = %0d ", $time, v0x559108609b60_0, v0x559108609c20_0 {0 0 0};
    %vpi_call 2 19 "$dumpfile", "b2g.vcd" {0 0 0};
    %vpi_call 2 20 "$dumpvars", 32'sb00000000000000000000000000000000, S_0x5591085f42d0 {0 0 0};
    %end;
    .thread T_1;
# The file index is used to find the file name in the following table.
:file_names 4;
    "N/A";
    "<interactive>";
    "b2g_tb.v";
    "b2g_converter.v";
