#! /usr/bin/vvp
:ivl_version "12.0 (stable)";
:ivl_delay_selection "TYPICAL";
:vpi_time_precision + 0;
:vpi_module "/usr/lib/x86_64-linux-gnu/ivl/system.vpi";
:vpi_module "/usr/lib/x86_64-linux-gnu/ivl/vhdl_sys.vpi";
:vpi_module "/usr/lib/x86_64-linux-gnu/ivl/vhdl_textio.vpi";
:vpi_module "/usr/lib/x86_64-linux-gnu/ivl/v2005_math.vpi";
:vpi_module "/usr/lib/x86_64-linux-gnu/ivl/va_math.vpi";
S_0x630f7e237f30 .scope module, "tb" "tb" 2 1;
 .timescale 0 0;
v0x630f7e24f360_0 .var "a", 0 0;
v0x630f7e24f420_0 .var "b", 0 0;
v0x630f7e24f4f0_0 .net "carry", 0 0, L_0x630f7e24fd20;  1 drivers
v0x630f7e24f5f0_0 .var "cin", 0 0;
v0x630f7e24f6c0_0 .net "sum", 0 0, L_0x630f7e24fbd0;  1 drivers
S_0x630f7e2380c0 .scope module, "dut" "full_adder" 2 5, 3 1 0, S_0x630f7e237f30;
 .timescale 0 0;
    .port_info 0 /INPUT 1 "a";
    .port_info 1 /INPUT 1 "b";
    .port_info 2 /INPUT 1 "cin";
    .port_info 3 /OUTPUT 1 "sum";
    .port_info 4 /OUTPUT 1 "carry";
L_0x630f7e24f760 .functor XOR 1, v0x630f7e24f360_0, v0x630f7e24f420_0, C4<0>, C4<0>;
L_0x630f7e24f8a0 .functor AND 1, v0x630f7e24f360_0, v0x630f7e24f420_0, C4<1>, C4<1>;
L_0x630f7e24f910 .functor XOR 1, L_0x630f7e24f760, v0x630f7e24f5f0_0, C4<0>, C4<0>;
L_0x630f7e24fa20 .functor AND 1, L_0x630f7e24f760, v0x630f7e24f5f0_0, C4<1>, C4<1>;
L_0x630f7e24fac0 .functor OR 1, L_0x630f7e24f8a0, L_0x630f7e24fa20, C4<0>, C4<0>;
L_0x630f7e24fbd0 .functor BUFZ 1, L_0x630f7e24f910, C4<0>, C4<0>, C4<0>;
L_0x630f7e24fd20 .functor BUFZ 1, L_0x630f7e24fac0, C4<0>, C4<0>, C4<0>;
v0x630f7e2382a0_0 .net "a", 0 0, v0x630f7e24f360_0;  1 drivers
v0x630f7e24ebd0_0 .net "b", 0 0, v0x630f7e24f420_0;  1 drivers
v0x630f7e24ec90_0 .net "carry", 0 0, L_0x630f7e24fd20;  alias, 1 drivers
v0x630f7e24ed30_0 .net "cin", 0 0, v0x630f7e24f5f0_0;  1 drivers
v0x630f7e24edf0_0 .net "sum", 0 0, L_0x630f7e24fbd0;  alias, 1 drivers
v0x630f7e24ef00_0 .net "w1", 0 0, L_0x630f7e24f760;  1 drivers
v0x630f7e24efc0_0 .net "w2", 0 0, L_0x630f7e24f8a0;  1 drivers
v0x630f7e24f080_0 .net "w3", 0 0, L_0x630f7e24f910;  1 drivers
v0x630f7e24f140_0 .net "w4", 0 0, L_0x630f7e24fa20;  1 drivers
v0x630f7e24f200_0 .net "w5", 0 0, L_0x630f7e24fac0;  1 drivers
    .scope S_0x630f7e237f30;
T_0 ;
    %pushi/vec4 0, 0, 1;
    %store/vec4 v0x630f7e24f360_0, 0, 1;
    %pushi/vec4 0, 0, 1;
    %store/vec4 v0x630f7e24f420_0, 0, 1;
    %pushi/vec4 0, 0, 1;
    %store/vec4 v0x630f7e24f5f0_0, 0, 1;
    %delay 10, 0;
    %pushi/vec4 0, 0, 1;
    %store/vec4 v0x630f7e24f360_0, 0, 1;
    %pushi/vec4 0, 0, 1;
    %store/vec4 v0x630f7e24f420_0, 0, 1;
    %pushi/vec4 1, 0, 1;
    %store/vec4 v0x630f7e24f5f0_0, 0, 1;
    %delay 10, 0;
    %pushi/vec4 0, 0, 1;
    %store/vec4 v0x630f7e24f360_0, 0, 1;
    %pushi/vec4 1, 0, 1;
    %store/vec4 v0x630f7e24f420_0, 0, 1;
    %pushi/vec4 0, 0, 1;
    %store/vec4 v0x630f7e24f5f0_0, 0, 1;
    %delay 10, 0;
    %pushi/vec4 0, 0, 1;
    %store/vec4 v0x630f7e24f360_0, 0, 1;
    %pushi/vec4 1, 0, 1;
    %store/vec4 v0x630f7e24f420_0, 0, 1;
    %pushi/vec4 1, 0, 1;
    %store/vec4 v0x630f7e24f5f0_0, 0, 1;
    %delay 10, 0;
    %pushi/vec4 1, 0, 1;
    %store/vec4 v0x630f7e24f360_0, 0, 1;
    %pushi/vec4 0, 0, 1;
    %store/vec4 v0x630f7e24f420_0, 0, 1;
    %pushi/vec4 0, 0, 1;
    %store/vec4 v0x630f7e24f5f0_0, 0, 1;
    %delay 10, 0;
    %pushi/vec4 1, 0, 1;
    %store/vec4 v0x630f7e24f360_0, 0, 1;
    %pushi/vec4 0, 0, 1;
    %store/vec4 v0x630f7e24f420_0, 0, 1;
    %pushi/vec4 1, 0, 1;
    %store/vec4 v0x630f7e24f5f0_0, 0, 1;
    %delay 10, 0;
    %pushi/vec4 1, 0, 1;
    %store/vec4 v0x630f7e24f360_0, 0, 1;
    %pushi/vec4 1, 0, 1;
    %store/vec4 v0x630f7e24f420_0, 0, 1;
    %pushi/vec4 0, 0, 1;
    %store/vec4 v0x630f7e24f5f0_0, 0, 1;
    %delay 10, 0;
    %pushi/vec4 1, 0, 1;
    %store/vec4 v0x630f7e24f360_0, 0, 1;
    %pushi/vec4 1, 0, 1;
    %store/vec4 v0x630f7e24f420_0, 0, 1;
    %pushi/vec4 1, 0, 1;
    %store/vec4 v0x630f7e24f5f0_0, 0, 1;
    %delay 10, 0;
    %end;
    .thread T_0;
    .scope S_0x630f7e237f30;
T_1 ;
    %vpi_call 2 20 "$monitor", "a = %0d , b = %0d , cin = %0d , sum = %0d , carry = %0d ", v0x630f7e24f360_0, v0x630f7e24f420_0, v0x630f7e24f5f0_0, v0x630f7e24f6c0_0, v0x630f7e24f4f0_0 {0 0 0};
    %vpi_call 2 21 "$dumpfile", "full_adder.vcd" {0 0 0};
    %vpi_call 2 22 "$dumpvars", 32'sb00000000000000000000000000000000, S_0x630f7e237f30 {0 0 0};
    %end;
    .thread T_1;
# The file index is used to find the file name in the following table.
:file_names 4;
    "N/A";
    "<interactive>";
    "FA_tb.v";
    "FA.v";
