#! /usr/bin/vvp
:ivl_version "12.0 (stable)";
:ivl_delay_selection "TYPICAL";
:vpi_time_precision + 0;
:vpi_module "/usr/lib/x86_64-linux-gnu/ivl/system.vpi";
:vpi_module "/usr/lib/x86_64-linux-gnu/ivl/vhdl_sys.vpi";
:vpi_module "/usr/lib/x86_64-linux-gnu/ivl/vhdl_textio.vpi";
:vpi_module "/usr/lib/x86_64-linux-gnu/ivl/v2005_math.vpi";
:vpi_module "/usr/lib/x86_64-linux-gnu/ivl/va_math.vpi";
S_0x605024b39b00 .scope module, "RCA_tb" "RCA_tb" 2 1;
 .timescale 0 0;
v0x605024b69c30_0 .var "a", 3 0;
v0x605024b69d10_0 .var "b", 3 0;
v0x605024b69de0_0 .net "carry", 0 0, L_0x605024b6d240;  1 drivers
v0x605024b69ee0_0 .var "cin", 0 0;
v0x605024b69fd0_0 .var/i "i", 31 0;
v0x605024b6a0c0_0 .net "sum", 3 0, L_0x605024b6cd80;  1 drivers
S_0x605024b3cee0 .scope module, "dut" "ripple_carry_adder" 2 8, 3 7 0, S_0x605024b39b00;
 .timescale 0 0;
    .port_info 0 /INPUT 4 "a";
    .port_info 1 /INPUT 4 "b";
    .port_info 2 /INPUT 1 "cin";
    .port_info 3 /OUTPUT 4 "sum";
    .port_info 4 /OUTPUT 1 "carry";
v0x605024b696a0_0 .net "a", 3 0, v0x605024b69c30_0;  1 drivers
v0x605024b697a0_0 .net "b", 3 0, v0x605024b69d10_0;  1 drivers
v0x605024b69880_0 .net "carry", 0 0, L_0x605024b6d240;  alias, 1 drivers
v0x605024b69920_0 .net "cin", 0 0, v0x605024b69ee0_0;  1 drivers
v0x605024b699f0_0 .net "cout", 3 0, L_0x605024b6d020;  1 drivers
v0x605024b69ab0_0 .net "sum", 3 0, L_0x605024b6cd80;  alias, 1 drivers
L_0x605024b6aa40 .part v0x605024b69c30_0, 0, 1;
L_0x605024b6ab80 .part v0x605024b69d10_0, 0, 1;
L_0x605024b6b460 .part v0x605024b69c30_0, 1, 1;
L_0x605024b6b550 .part v0x605024b69d10_0, 1, 1;
L_0x605024b6b670 .part L_0x605024b6d020, 0, 1;
L_0x605024b6bf50 .part v0x605024b69c30_0, 2, 1;
L_0x605024b6c110 .part v0x605024b69d10_0, 2, 1;
L_0x605024b6c240 .part L_0x605024b6d020, 1, 1;
L_0x605024b6caa0 .part v0x605024b69c30_0, 3, 1;
L_0x605024b6cb90 .part v0x605024b69d10_0, 3, 1;
L_0x605024b6cce0 .part L_0x605024b6d020, 2, 1;
L_0x605024b6cd80 .concat8 [ 1 1 1 1], L_0x605024b6a230, L_0x605024b6ad60, L_0x605024b6b800, L_0x605024b6c420;
L_0x605024b6d020 .concat8 [ 1 1 1 1], L_0x605024b6a160, L_0x605024b6acc0, L_0x605024b6b760, L_0x605024b6c380;
L_0x605024b6d240 .part L_0x605024b6d020, 3, 1;
S_0x605024b44530 .scope module, "g1" "Full_adder" 3 11, 3 2 0, S_0x605024b3cee0;
 .timescale 0 0;
    .port_info 0 /INPUT 1 "in1";
    .port_info 1 /INPUT 1 "in2";
    .port_info 2 /INPUT 1 "cin";
    .port_info 3 /OUTPUT 1 "s";
    .port_info 4 /OUTPUT 1 "c";
L_0x7331e68ce060 .functor BUFT 1, C4<0>, C4<0>, C4<0>, C4<0>;
v0x605024b3a190_0 .net *"_ivl_10", 0 0, L_0x7331e68ce060;  1 drivers
v0x605024b36db0_0 .net *"_ivl_11", 1 0, L_0x605024b6a620;  1 drivers
v0x605024b339a0_0 .net *"_ivl_13", 1 0, L_0x605024b6a7d0;  1 drivers
L_0x7331e68ce0a8 .functor BUFT 1, C4<0>, C4<0>, C4<0>, C4<0>;
v0x605024b39ed0_0 .net *"_ivl_16", 0 0, L_0x7331e68ce0a8;  1 drivers
v0x605024b36af0_0 .net *"_ivl_17", 1 0, L_0x605024b6a900;  1 drivers
v0x605024b336b0_0 .net *"_ivl_3", 1 0, L_0x605024b6a350;  1 drivers
L_0x7331e68ce018 .functor BUFT 1, C4<0>, C4<0>, C4<0>, C4<0>;
v0x605024b666d0_0 .net *"_ivl_6", 0 0, L_0x7331e68ce018;  1 drivers
v0x605024b667b0_0 .net *"_ivl_7", 1 0, L_0x605024b6a4a0;  1 drivers
v0x605024b66890_0 .net "c", 0 0, L_0x605024b6a160;  1 drivers
v0x605024b66950_0 .net "cin", 0 0, v0x605024b69ee0_0;  alias, 1 drivers
v0x605024b66a10_0 .net "in1", 0 0, L_0x605024b6aa40;  1 drivers
v0x605024b66ad0_0 .net "in2", 0 0, L_0x605024b6ab80;  1 drivers
v0x605024b66b90_0 .net "s", 0 0, L_0x605024b6a230;  1 drivers
L_0x605024b6a160 .part L_0x605024b6a900, 1, 1;
L_0x605024b6a230 .part L_0x605024b6a900, 0, 1;
L_0x605024b6a350 .concat [ 1 1 0 0], L_0x605024b6aa40, L_0x7331e68ce018;
L_0x605024b6a4a0 .concat [ 1 1 0 0], L_0x605024b6ab80, L_0x7331e68ce060;
L_0x605024b6a620 .arith/sum 2, L_0x605024b6a350, L_0x605024b6a4a0;
L_0x605024b6a7d0 .concat [ 1 1 0 0], v0x605024b69ee0_0, L_0x7331e68ce0a8;
L_0x605024b6a900 .arith/sum 2, L_0x605024b6a620, L_0x605024b6a7d0;
S_0x605024b66cf0 .scope module, "g2" "Full_adder" 3 12, 3 2 0, S_0x605024b3cee0;
 .timescale 0 0;
    .port_info 0 /INPUT 1 "in1";
    .port_info 1 /INPUT 1 "in2";
    .port_info 2 /INPUT 1 "cin";
    .port_info 3 /OUTPUT 1 "s";
    .port_info 4 /OUTPUT 1 "c";
L_0x7331e68ce138 .functor BUFT 1, C4<0>, C4<0>, C4<0>, C4<0>;
v0x605024b66ea0_0 .net *"_ivl_10", 0 0, L_0x7331e68ce138;  1 drivers
v0x605024b66f80_0 .net *"_ivl_11", 1 0, L_0x605024b6b0b0;  1 drivers
v0x605024b67060_0 .net *"_ivl_13", 1 0, L_0x605024b6b1f0;  1 drivers
L_0x7331e68ce180 .functor BUFT 1, C4<0>, C4<0>, C4<0>, C4<0>;
v0x605024b67120_0 .net *"_ivl_16", 0 0, L_0x7331e68ce180;  1 drivers
v0x605024b67200_0 .net *"_ivl_17", 1 0, L_0x605024b6b320;  1 drivers
v0x605024b67330_0 .net *"_ivl_3", 1 0, L_0x605024b6ae50;  1 drivers
L_0x7331e68ce0f0 .functor BUFT 1, C4<0>, C4<0>, C4<0>, C4<0>;
v0x605024b67410_0 .net *"_ivl_6", 0 0, L_0x7331e68ce0f0;  1 drivers
v0x605024b674f0_0 .net *"_ivl_7", 1 0, L_0x605024b6af40;  1 drivers
v0x605024b675d0_0 .net "c", 0 0, L_0x605024b6acc0;  1 drivers
v0x605024b67720_0 .net "cin", 0 0, L_0x605024b6b670;  1 drivers
v0x605024b677e0_0 .net "in1", 0 0, L_0x605024b6b460;  1 drivers
v0x605024b678a0_0 .net "in2", 0 0, L_0x605024b6b550;  1 drivers
v0x605024b67960_0 .net "s", 0 0, L_0x605024b6ad60;  1 drivers
L_0x605024b6acc0 .part L_0x605024b6b320, 1, 1;
L_0x605024b6ad60 .part L_0x605024b6b320, 0, 1;
L_0x605024b6ae50 .concat [ 1 1 0 0], L_0x605024b6b460, L_0x7331e68ce0f0;
L_0x605024b6af40 .concat [ 1 1 0 0], L_0x605024b6b550, L_0x7331e68ce138;
L_0x605024b6b0b0 .arith/sum 2, L_0x605024b6ae50, L_0x605024b6af40;
L_0x605024b6b1f0 .concat [ 1 1 0 0], L_0x605024b6b670, L_0x7331e68ce180;
L_0x605024b6b320 .arith/sum 2, L_0x605024b6b0b0, L_0x605024b6b1f0;
S_0x605024b67ac0 .scope module, "g3" "Full_adder" 3 13, 3 2 0, S_0x605024b3cee0;
 .timescale 0 0;
    .port_info 0 /INPUT 1 "in1";
    .port_info 1 /INPUT 1 "in2";
    .port_info 2 /INPUT 1 "cin";
    .port_info 3 /OUTPUT 1 "s";
    .port_info 4 /OUTPUT 1 "c";
L_0x7331e68ce210 .functor BUFT 1, C4<0>, C4<0>, C4<0>, C4<0>;
v0x605024b67c50_0 .net *"_ivl_10", 0 0, L_0x7331e68ce210;  1 drivers
v0x605024b67d30_0 .net *"_ivl_11", 1 0, L_0x605024b6bb30;  1 drivers
v0x605024b67e10_0 .net *"_ivl_13", 1 0, L_0x605024b6bc70;  1 drivers
L_0x7331e68ce258 .functor BUFT 1, C4<0>, C4<0>, C4<0>, C4<0>;
v0x605024b67f00_0 .net *"_ivl_16", 0 0, L_0x7331e68ce258;  1 drivers
v0x605024b67fe0_0 .net *"_ivl_17", 1 0, L_0x605024b6be60;  1 drivers
v0x605024b68110_0 .net *"_ivl_3", 1 0, L_0x605024b6b8f0;  1 drivers
L_0x7331e68ce1c8 .functor BUFT 1, C4<0>, C4<0>, C4<0>, C4<0>;
v0x605024b681f0_0 .net *"_ivl_6", 0 0, L_0x7331e68ce1c8;  1 drivers
v0x605024b682d0_0 .net *"_ivl_7", 1 0, L_0x605024b6b9e0;  1 drivers
v0x605024b683b0_0 .net "c", 0 0, L_0x605024b6b760;  1 drivers
v0x605024b68500_0 .net "cin", 0 0, L_0x605024b6c240;  1 drivers
v0x605024b685c0_0 .net "in1", 0 0, L_0x605024b6bf50;  1 drivers
v0x605024b68680_0 .net "in2", 0 0, L_0x605024b6c110;  1 drivers
v0x605024b68740_0 .net "s", 0 0, L_0x605024b6b800;  1 drivers
L_0x605024b6b760 .part L_0x605024b6be60, 1, 1;
L_0x605024b6b800 .part L_0x605024b6be60, 0, 1;
L_0x605024b6b8f0 .concat [ 1 1 0 0], L_0x605024b6bf50, L_0x7331e68ce1c8;
L_0x605024b6b9e0 .concat [ 1 1 0 0], L_0x605024b6c110, L_0x7331e68ce210;
L_0x605024b6bb30 .arith/sum 2, L_0x605024b6b8f0, L_0x605024b6b9e0;
L_0x605024b6bc70 .concat [ 1 1 0 0], L_0x605024b6c240, L_0x7331e68ce258;
L_0x605024b6be60 .arith/sum 2, L_0x605024b6bb30, L_0x605024b6bc70;
S_0x605024b688a0 .scope module, "g4" "Full_adder" 3 14, 3 2 0, S_0x605024b3cee0;
 .timescale 0 0;
    .port_info 0 /INPUT 1 "in1";
    .port_info 1 /INPUT 1 "in2";
    .port_info 2 /INPUT 1 "cin";
    .port_info 3 /OUTPUT 1 "s";
    .port_info 4 /OUTPUT 1 "c";
L_0x7331e68ce2e8 .functor BUFT 1, C4<0>, C4<0>, C4<0>, C4<0>;
v0x605024b68a30_0 .net *"_ivl_10", 0 0, L_0x7331e68ce2e8;  1 drivers
v0x605024b68b30_0 .net *"_ivl_11", 1 0, L_0x605024b6c6f0;  1 drivers
v0x605024b68c10_0 .net *"_ivl_13", 1 0, L_0x605024b6c830;  1 drivers
L_0x7331e68ce330 .functor BUFT 1, C4<0>, C4<0>, C4<0>, C4<0>;
v0x605024b68d00_0 .net *"_ivl_16", 0 0, L_0x7331e68ce330;  1 drivers
v0x605024b68de0_0 .net *"_ivl_17", 1 0, L_0x605024b6c960;  1 drivers
v0x605024b68f10_0 .net *"_ivl_3", 1 0, L_0x605024b6c510;  1 drivers
L_0x7331e68ce2a0 .functor BUFT 1, C4<0>, C4<0>, C4<0>, C4<0>;
v0x605024b68ff0_0 .net *"_ivl_6", 0 0, L_0x7331e68ce2a0;  1 drivers
v0x605024b690d0_0 .net *"_ivl_7", 1 0, L_0x605024b6c600;  1 drivers
v0x605024b691b0_0 .net "c", 0 0, L_0x605024b6c380;  1 drivers
v0x605024b69300_0 .net "cin", 0 0, L_0x605024b6cce0;  1 drivers
v0x605024b693c0_0 .net "in1", 0 0, L_0x605024b6caa0;  1 drivers
v0x605024b69480_0 .net "in2", 0 0, L_0x605024b6cb90;  1 drivers
v0x605024b69540_0 .net "s", 0 0, L_0x605024b6c420;  1 drivers
L_0x605024b6c380 .part L_0x605024b6c960, 1, 1;
L_0x605024b6c420 .part L_0x605024b6c960, 0, 1;
L_0x605024b6c510 .concat [ 1 1 0 0], L_0x605024b6caa0, L_0x7331e68ce2a0;
L_0x605024b6c600 .concat [ 1 1 0 0], L_0x605024b6cb90, L_0x7331e68ce2e8;
L_0x605024b6c6f0 .arith/sum 2, L_0x605024b6c510, L_0x605024b6c600;
L_0x605024b6c830 .concat [ 1 1 0 0], L_0x605024b6cce0, L_0x7331e68ce330;
L_0x605024b6c960 .arith/sum 2, L_0x605024b6c6f0, L_0x605024b6c830;
    .scope S_0x605024b39b00;
T_0 ;
    %vpi_call 2 11 "$monitor", "a = %0d , b = %0d , cin = %0d ,sum = %0d ,carry = %0d", v0x605024b69c30_0, v0x605024b69d10_0, v0x605024b69ee0_0, v0x605024b6a0c0_0, v0x605024b69de0_0 {0 0 0};
    %vpi_call 2 12 "$dumpfile", "RCA.vcd" {0 0 0};
    %vpi_call 2 13 "$dumpvars", 32'sb00000000000000000000000000000000, S_0x605024b39b00 {0 0 0};
    %end;
    .thread T_0;
    .scope S_0x605024b39b00;
T_1 ;
    %pushi/vec4 0, 0, 32;
    %store/vec4 v0x605024b69fd0_0, 0, 32;
T_1.0 ;
    %load/vec4 v0x605024b69fd0_0;
    %cmpi/s 15, 0, 32;
    %flag_or 5, 4;
    %jmp/0xz T_1.1, 5;
    %vpi_func 2 20 "$urandom_range" 32, 32'sb00000000000000000000000000001111 {0 0 0};
    %pad/u 4;
    %store/vec4 v0x605024b69c30_0, 0, 4;
    %vpi_func 2 21 "$urandom_range" 32, 32'sb00000000000000000000000000001111 {0 0 0};
    %pad/u 4;
    %store/vec4 v0x605024b69d10_0, 0, 4;
    %pushi/vec4 0, 0, 1;
    %store/vec4 v0x605024b69ee0_0, 0, 1;
    %delay 10, 0;
    %load/vec4 v0x605024b69fd0_0;
    %addi 1, 0, 32;
    %store/vec4 v0x605024b69fd0_0, 0, 32;
    %jmp T_1.0;
T_1.1 ;
    %end;
    .thread T_1;
# The file index is used to find the file name in the following table.
:file_names 4;
    "N/A";
    "<interactive>";
    "RCA_tb.v";
    "RCA.v";
