#! /usr/bin/vvp
:ivl_version "12.0 (stable)";
:ivl_delay_selection "TYPICAL";
:vpi_time_precision + 0;
:vpi_module "/usr/lib/x86_64-linux-gnu/ivl/system.vpi";
:vpi_module "/usr/lib/x86_64-linux-gnu/ivl/vhdl_sys.vpi";
:vpi_module "/usr/lib/x86_64-linux-gnu/ivl/vhdl_textio.vpi";
:vpi_module "/usr/lib/x86_64-linux-gnu/ivl/v2005_math.vpi";
:vpi_module "/usr/lib/x86_64-linux-gnu/ivl/va_math.vpi";
S_0x5e254c5b1a40 .scope module, "tb" "tb" 2 1;
 .timescale 0 0;
v0x5e254c5c6940_0 .var "clk", 0 0;
v0x5e254c5c6a00_0 .var "d", 0 0;
v0x5e254c5c6ad0_0 .var/i "i", 31 0;
v0x5e254c5c6ba0_0 .net "q", 0 0, v0x5e254c5c6730_0;  1 drivers
v0x5e254c5c6c70_0 .var "reset", 0 0;
S_0x5e254c5b1bd0 .scope module, "dut" "dff_sync_reset" 2 5, 3 1 0, S_0x5e254c5b1a40;
 .timescale 0 0;
    .port_info 0 /INPUT 1 "d";
    .port_info 1 /INPUT 1 "clk";
    .port_info 2 /INPUT 1 "reset";
    .port_info 3 /OUTPUT 1 "q";
v0x5e254c59ec70_0 .net "clk", 0 0, v0x5e254c5c6940_0;  1 drivers
v0x5e254c59fbd0_0 .net "d", 0 0, v0x5e254c5c6a00_0;  1 drivers
v0x5e254c5c6730_0 .var "q", 0 0;
v0x5e254c5c67d0_0 .net "reset", 0 0, v0x5e254c5c6c70_0;  1 drivers
E_0x5e254c5796a0 .event posedge, v0x5e254c59ec70_0;
    .scope S_0x5e254c5b1bd0;
T_0 ;
    %wait E_0x5e254c5796a0;
    %load/vec4 v0x5e254c5c67d0_0;
    %flag_set/vec4 8;
    %jmp/0xz  T_0.0, 8;
    %pushi/vec4 0, 0, 1;
    %assign/vec4 v0x5e254c5c6730_0, 0;
    %jmp T_0.1;
T_0.0 ;
    %load/vec4 v0x5e254c59fbd0_0;
    %assign/vec4 v0x5e254c5c6730_0, 0;
T_0.1 ;
    %jmp T_0;
    .thread T_0;
    .scope S_0x5e254c5b1a40;
T_1 ;
    %pushi/vec4 0, 0, 1;
    %store/vec4 v0x5e254c5c6940_0, 0, 1;
    %end;
    .thread T_1;
    .scope S_0x5e254c5b1a40;
T_2 ;
    %delay 5, 0;
    %load/vec4 v0x5e254c5c6940_0;
    %inv;
    %store/vec4 v0x5e254c5c6940_0, 0, 1;
    %jmp T_2;
    .thread T_2;
    .scope S_0x5e254c5b1a40;
T_3 ;
    %pushi/vec4 0, 0, 1;
    %store/vec4 v0x5e254c5c6a00_0, 0, 1;
    %pushi/vec4 1, 0, 1;
    %store/vec4 v0x5e254c5c6c70_0, 0, 1;
    %pushi/vec4 4, 0, 32;
T_3.0 %dup/vec4;
    %pushi/vec4 0, 0, 32;
    %cmp/s;
    %jmp/1xz T_3.1, 5;
    %jmp/1 T_3.1, 4;
    %pushi/vec4 1, 0, 32;
    %sub;
    %wait E_0x5e254c5796a0;
    %jmp T_3.0;
T_3.1 ;
    %pop/vec4 1;
    %pushi/vec4 0, 0, 1;
    %store/vec4 v0x5e254c5c6c70_0, 0, 1;
    %pushi/vec4 0, 0, 32;
    %store/vec4 v0x5e254c5c6ad0_0, 0, 32;
T_3.2 ;
    %load/vec4 v0x5e254c5c6ad0_0;
    %cmpi/s 10, 0, 32;
    %jmp/0xz T_3.3, 5;
    %vpi_func 2 23 "$urandom_range" 32, 32'sb00000000000000000000000000000000, 32'sb00000000000000000000000000000001 {0 0 0};
    %pad/u 1;
    %store/vec4 v0x5e254c5c6a00_0, 0, 1;
    %wait E_0x5e254c5796a0;
    %load/vec4 v0x5e254c5c6ad0_0;
    %addi 1, 0, 32;
    %store/vec4 v0x5e254c5c6ad0_0, 0, 32;
    %jmp T_3.2;
T_3.3 ;
    %delay 10, 0;
    %vpi_call 2 27 "$finish" {0 0 0};
    %end;
    .thread T_3;
    .scope S_0x5e254c5b1a40;
T_4 ;
    %vpi_call 2 31 "$monitor", "Time = %0t | d = %b | clk = %b | reset = %b | q = %b", $time, v0x5e254c5c6a00_0, v0x5e254c5c6940_0, v0x5e254c5c6c70_0, v0x5e254c5c6ba0_0 {0 0 0};
    %vpi_call 2 32 "$dumpfile", "dff.vcd" {0 0 0};
    %vpi_call 2 33 "$dumpvars", 32'sb00000000000000000000000000000000, S_0x5e254c5b1a40 {0 0 0};
    %end;
    .thread T_4;
# The file index is used to find the file name in the following table.
:file_names 4;
    "N/A";
    "<interactive>";
    "dff_tb.v";
    "dff_pos_edge.v";
