#! /usr/bin/vvp
:ivl_version "12.0 (stable)";
:ivl_delay_selection "TYPICAL";
:vpi_time_precision + 0;
:vpi_module "/usr/lib/x86_64-linux-gnu/ivl/system.vpi";
:vpi_module "/usr/lib/x86_64-linux-gnu/ivl/vhdl_sys.vpi";
:vpi_module "/usr/lib/x86_64-linux-gnu/ivl/vhdl_textio.vpi";
:vpi_module "/usr/lib/x86_64-linux-gnu/ivl/v2005_math.vpi";
:vpi_module "/usr/lib/x86_64-linux-gnu/ivl/va_math.vpi";
S_0x5e3ac651bc00 .scope module, "tb" "tb" 2 1;
 .timescale 0 0;
v0x5e3ac652f8f0_0 .var "en", 0 0;
v0x5e3ac652f9c0_0 .var/i "i", 31 0;
v0x5e3ac652fa80_0 .var "in", 3 0;
v0x5e3ac652fb80_0 .net "y", 1 0, v0x5e3ac652f7b0_0;  1 drivers
S_0x5e3ac651bd90 .scope module, "dut" "encoder" 2 6, 3 1 0, S_0x5e3ac651bc00;
 .timescale 0 0;
    .port_info 0 /INPUT 4 "in";
    .port_info 1 /INPUT 1 "en";
    .port_info 2 /OUTPUT 2 "y";
v0x5e3ac651bfe0_0 .net "en", 0 0, v0x5e3ac652f8f0_0;  1 drivers
v0x5e3ac652f6d0_0 .net "in", 3 0, v0x5e3ac652fa80_0;  1 drivers
v0x5e3ac652f7b0_0 .var "y", 1 0;
E_0x5e3ac64e1d60 .event anyedge, v0x5e3ac651bfe0_0, v0x5e3ac652f6d0_0;
    .scope S_0x5e3ac651bd90;
T_0 ;
    %wait E_0x5e3ac64e1d60;
    %load/vec4 v0x5e3ac651bfe0_0;
    %flag_set/vec4 8;
    %jmp/0xz  T_0.0, 8;
    %load/vec4 v0x5e3ac652f6d0_0;
    %dup/vec4;
    %pushi/vec4 15, 7, 4;
    %cmp/x;
    %jmp/1 T_0.2, 4;
    %dup/vec4;
    %pushi/vec4 7, 3, 4;
    %cmp/x;
    %jmp/1 T_0.3, 4;
    %dup/vec4;
    %pushi/vec4 3, 1, 4;
    %cmp/x;
    %jmp/1 T_0.4, 4;
    %dup/vec4;
    %pushi/vec4 1, 0, 4;
    %cmp/x;
    %jmp/1 T_0.5, 4;
    %pushi/vec4 0, 0, 2;
    %store/vec4 v0x5e3ac652f7b0_0, 0, 2;
    %jmp T_0.7;
T_0.2 ;
    %pushi/vec4 3, 0, 2;
    %store/vec4 v0x5e3ac652f7b0_0, 0, 2;
    %jmp T_0.7;
T_0.3 ;
    %pushi/vec4 2, 0, 2;
    %store/vec4 v0x5e3ac652f7b0_0, 0, 2;
    %jmp T_0.7;
T_0.4 ;
    %pushi/vec4 1, 0, 2;
    %store/vec4 v0x5e3ac652f7b0_0, 0, 2;
    %jmp T_0.7;
T_0.5 ;
    %pushi/vec4 0, 0, 2;
    %store/vec4 v0x5e3ac652f7b0_0, 0, 2;
    %jmp T_0.7;
T_0.7 ;
    %pop/vec4 1;
    %jmp T_0.1;
T_0.0 ;
    %pushi/vec4 0, 0, 2;
    %store/vec4 v0x5e3ac652f7b0_0, 0, 2;
T_0.1 ;
    %jmp T_0;
    .thread T_0, $push;
    .scope S_0x5e3ac651bc00;
T_1 ;
    %pushi/vec4 0, 0, 1;
    %store/vec4 v0x5e3ac652f8f0_0, 0, 1;
    %delay 10, 0;
    %pushi/vec4 0, 0, 32;
    %store/vec4 v0x5e3ac652f9c0_0, 0, 32;
T_1.0 ;
    %load/vec4 v0x5e3ac652f9c0_0;
    %cmpi/s 15, 0, 32;
    %jmp/0xz T_1.1, 5;
    %pushi/vec4 1, 0, 1;
    %store/vec4 v0x5e3ac652f8f0_0, 0, 1;
    %load/vec4 v0x5e3ac652f9c0_0;
    %pad/s 4;
    %store/vec4 v0x5e3ac652fa80_0, 0, 4;
    %delay 10, 0;
    %load/vec4 v0x5e3ac652f9c0_0;
    %addi 1, 0, 32;
    %store/vec4 v0x5e3ac652f9c0_0, 0, 32;
    %jmp T_1.0;
T_1.1 ;
    %end;
    .thread T_1;
    .scope S_0x5e3ac651bc00;
T_2 ;
    %vpi_call 2 21 "$monitor", "Time = %0t , in = %0d , en = %0d , y= %0d ", $time, v0x5e3ac652fa80_0, v0x5e3ac652f8f0_0, v0x5e3ac652fb80_0 {0 0 0};
    %vpi_call 2 22 "$dumpfile", "encoder.vcd" {0 0 0};
    %vpi_call 2 23 "$dumpvars", 32'sb00000000000000000000000000000000, S_0x5e3ac651bc00 {0 0 0};
    %end;
    .thread T_2;
# The file index is used to find the file name in the following table.
:file_names 4;
    "N/A";
    "<interactive>";
    "tb.v";
    "priority_encoder_4x2.v";
