#! /usr/bin/vvp
:ivl_version "12.0 (stable)";
:ivl_delay_selection "TYPICAL";
:vpi_time_precision + 0;
:vpi_module "/usr/lib/x86_64-linux-gnu/ivl/system.vpi";
:vpi_module "/usr/lib/x86_64-linux-gnu/ivl/vhdl_sys.vpi";
:vpi_module "/usr/lib/x86_64-linux-gnu/ivl/vhdl_textio.vpi";
:vpi_module "/usr/lib/x86_64-linux-gnu/ivl/v2005_math.vpi";
:vpi_module "/usr/lib/x86_64-linux-gnu/ivl/va_math.vpi";
S_0x60ee27521280 .scope module, "mux_tb" "mux_tb" 2 1;
 .timescale 0 0;
v0x60ee27537680_0 .var "in1", 0 0;
v0x60ee27537740_0 .var "in2", 0 0;
v0x60ee27537810_0 .net "out", 0 0, L_0x60ee27537ca0;  1 drivers
v0x60ee27537910_0 .var "sel", 0 0;
S_0x60ee27521410 .scope module, "dut" "mux2x1" 2 5, 3 1 0, S_0x60ee27521280;
 .timescale 0 0;
    .port_info 0 /INPUT 1 "in1";
    .port_info 1 /INPUT 1 "in2";
    .port_info 2 /INPUT 1 "sel";
    .port_info 3 /OUTPUT 1 "out";
L_0x60ee275379e0 .functor NOT 1, v0x60ee27537910_0, C4<0>, C4<0>, C4<0>;
L_0x60ee27537ad0 .functor AND 1, v0x60ee27537680_0, L_0x60ee275379e0, C4<1>, C4<1>;
L_0x60ee27537be0 .functor AND 1, v0x60ee27537740_0, v0x60ee27537910_0, C4<1>, C4<1>;
L_0x60ee27537ca0 .functor OR 1, L_0x60ee27537ad0, L_0x60ee27537be0, C4<0>, C4<0>;
v0x60ee27521610_0 .net "in1", 0 0, v0x60ee27537680_0;  1 drivers
v0x60ee27537120_0 .net "in2", 0 0, v0x60ee27537740_0;  1 drivers
v0x60ee275371e0_0 .net "out", 0 0, L_0x60ee27537ca0;  alias, 1 drivers
v0x60ee275372b0_0 .net "sel", 0 0, v0x60ee27537910_0;  1 drivers
v0x60ee27537370_0 .net "w1", 0 0, L_0x60ee275379e0;  1 drivers
v0x60ee27537480_0 .net "w2", 0 0, L_0x60ee27537ad0;  1 drivers
v0x60ee27537540_0 .net "w3", 0 0, L_0x60ee27537be0;  1 drivers
    .scope S_0x60ee27521280;
T_0 ;
    %pushi/vec4 0, 0, 1;
    %store/vec4 v0x60ee27537680_0, 0, 1;
    %pushi/vec4 0, 0, 1;
    %store/vec4 v0x60ee27537740_0, 0, 1;
    %pushi/vec4 0, 0, 1;
    %store/vec4 v0x60ee27537910_0, 0, 1;
    %delay 10, 0;
    %pushi/vec4 0, 0, 1;
    %store/vec4 v0x60ee27537680_0, 0, 1;
    %pushi/vec4 0, 0, 1;
    %store/vec4 v0x60ee27537740_0, 0, 1;
    %pushi/vec4 1, 0, 1;
    %store/vec4 v0x60ee27537910_0, 0, 1;
    %delay 10, 0;
    %pushi/vec4 0, 0, 1;
    %store/vec4 v0x60ee27537680_0, 0, 1;
    %pushi/vec4 1, 0, 1;
    %store/vec4 v0x60ee27537740_0, 0, 1;
    %pushi/vec4 1, 0, 1;
    %store/vec4 v0x60ee27537910_0, 0, 1;
    %delay 10, 0;
    %pushi/vec4 0, 0, 1;
    %store/vec4 v0x60ee27537680_0, 0, 1;
    %pushi/vec4 1, 0, 1;
    %store/vec4 v0x60ee27537740_0, 0, 1;
    %pushi/vec4 0, 0, 1;
    %store/vec4 v0x60ee27537910_0, 0, 1;
    %delay 10, 0;
    %pushi/vec4 1, 0, 1;
    %store/vec4 v0x60ee27537680_0, 0, 1;
    %pushi/vec4 0, 0, 1;
    %store/vec4 v0x60ee27537740_0, 0, 1;
    %pushi/vec4 0, 0, 1;
    %store/vec4 v0x60ee27537910_0, 0, 1;
    %delay 10, 0;
    %pushi/vec4 1, 0, 1;
    %store/vec4 v0x60ee27537680_0, 0, 1;
    %pushi/vec4 0, 0, 1;
    %store/vec4 v0x60ee27537740_0, 0, 1;
    %pushi/vec4 1, 0, 1;
    %store/vec4 v0x60ee27537910_0, 0, 1;
    %delay 10, 0;
    %pushi/vec4 1, 0, 1;
    %store/vec4 v0x60ee27537680_0, 0, 1;
    %pushi/vec4 1, 0, 1;
    %store/vec4 v0x60ee27537740_0, 0, 1;
    %pushi/vec4 0, 0, 1;
    %store/vec4 v0x60ee27537910_0, 0, 1;
    %delay 10, 0;
    %pushi/vec4 1, 0, 1;
    %store/vec4 v0x60ee27537680_0, 0, 1;
    %pushi/vec4 1, 0, 1;
    %store/vec4 v0x60ee27537740_0, 0, 1;
    %pushi/vec4 1, 0, 1;
    %store/vec4 v0x60ee27537910_0, 0, 1;
    %delay 10, 0;
    %end;
    .thread T_0;
    .scope S_0x60ee27521280;
T_1 ;
    %vpi_call 2 19 "$monitor", "in1 = %0d , in2 = %0d , sel = %0d, out = %0d ", v0x60ee27537680_0, v0x60ee27537740_0, v0x60ee27537910_0, v0x60ee27537810_0 {0 0 0};
    %end;
    .thread T_1;
    .scope S_0x60ee27521280;
T_2 ;
    %vpi_call 2 24 "$dumpfile", "mux2x1.vcd" {0 0 0};
    %vpi_call 2 25 "$dumpvars", 32'sb00000000000000000000000000000000, S_0x60ee27521280 {0 0 0};
    %end;
    .thread T_2;
# The file index is used to find the file name in the following table.
:file_names 4;
    "N/A";
    "<interactive>";
    "mux2x1_TB.v";
    "mux2x1.v";
