#! /usr/bin/vvp
:ivl_version "12.0 (stable)";
:ivl_delay_selection "TYPICAL";
:vpi_time_precision + 0;
:vpi_module "/usr/lib/x86_64-linux-gnu/ivl/system.vpi";
:vpi_module "/usr/lib/x86_64-linux-gnu/ivl/vhdl_sys.vpi";
:vpi_module "/usr/lib/x86_64-linux-gnu/ivl/vhdl_textio.vpi";
:vpi_module "/usr/lib/x86_64-linux-gnu/ivl/v2005_math.vpi";
:vpi_module "/usr/lib/x86_64-linux-gnu/ivl/va_math.vpi";
S_0x57ec7e968490 .scope module, "HA_tb" "HA_tb" 2 1;
 .timescale 0 0;
v0x57ec7e9b4990_0 .net "carry", 0 0, L_0x57ec7e9b4e50;  1 drivers
v0x57ec7e9b4a50_0 .var "in1", 0 0;
v0x57ec7e9b4b20_0 .var "in2", 0 0;
v0x57ec7e9b4c20_0 .net "sum", 0 0, L_0x57ec7e9b4cf0;  1 drivers
S_0x57ec7e968620 .scope module, "dut" "half_adder" 2 5, 3 9 0, S_0x57ec7e968490;
 .timescale 0 0;
    .port_info 0 /INPUT 1 "in1";
    .port_info 1 /INPUT 1 "in2";
    .port_info 2 /OUTPUT 1 "sum";
    .port_info 3 /OUTPUT 1 "carry";
L_0x57ec7e9b4cf0 .functor XOR 1, v0x57ec7e9b4a50_0, v0x57ec7e9b4b20_0, C4<0>, C4<0>;
L_0x57ec7e9b4e50 .functor AND 1, v0x57ec7e9b4a50_0, v0x57ec7e9b4b20_0, C4<1>, C4<1>;
v0x57ec7e968870_0 .net "carry", 0 0, L_0x57ec7e9b4e50;  alias, 1 drivers
v0x57ec7e9b46c0_0 .net "in1", 0 0, v0x57ec7e9b4a50_0;  1 drivers
v0x57ec7e9b4780_0 .net "in2", 0 0, v0x57ec7e9b4b20_0;  1 drivers
v0x57ec7e9b4820_0 .net "sum", 0 0, L_0x57ec7e9b4cf0;  alias, 1 drivers
    .scope S_0x57ec7e968490;
T_0 ;
    %vpi_call 2 7 "$monitor", "in1 = %0d , in2 = %0d , sum = %0d , carry = %0d", v0x57ec7e9b4a50_0, v0x57ec7e9b4b20_0, v0x57ec7e9b4c20_0, v0x57ec7e9b4990_0 {0 0 0};
    %end;
    .thread T_0;
    .scope S_0x57ec7e968490;
T_1 ;
    %pushi/vec4 0, 0, 1;
    %store/vec4 v0x57ec7e9b4a50_0, 0, 1;
    %pushi/vec4 0, 0, 1;
    %store/vec4 v0x57ec7e9b4b20_0, 0, 1;
    %delay 10, 0;
    %pushi/vec4 0, 0, 1;
    %store/vec4 v0x57ec7e9b4a50_0, 0, 1;
    %pushi/vec4 1, 0, 1;
    %store/vec4 v0x57ec7e9b4b20_0, 0, 1;
    %delay 10, 0;
    %pushi/vec4 1, 0, 1;
    %store/vec4 v0x57ec7e9b4a50_0, 0, 1;
    %pushi/vec4 0, 0, 1;
    %store/vec4 v0x57ec7e9b4b20_0, 0, 1;
    %delay 10, 0;
    %pushi/vec4 1, 0, 1;
    %store/vec4 v0x57ec7e9b4a50_0, 0, 1;
    %pushi/vec4 1, 0, 1;
    %store/vec4 v0x57ec7e9b4b20_0, 0, 1;
    %delay 10, 0;
    %end;
    .thread T_1;
    .scope S_0x57ec7e968490;
T_2 ;
    %vpi_call 2 21 "$dumpfile", "half_adder.vcd" {0 0 0};
    %vpi_call 2 22 "$dumpvars", 32'sb00000000000000000000000000000000, S_0x57ec7e968490 {0 0 0};
    %end;
    .thread T_2;
# The file index is used to find the file name in the following table.
:file_names 4;
    "N/A";
    "<interactive>";
    "HA_tb.v";
    "HA.v";
