#! /usr/bin/vvp
:ivl_version "12.0 (stable)";
:ivl_delay_selection "TYPICAL";
:vpi_time_precision + 0;
:vpi_module "/usr/lib/x86_64-linux-gnu/ivl/system.vpi";
:vpi_module "/usr/lib/x86_64-linux-gnu/ivl/vhdl_sys.vpi";
:vpi_module "/usr/lib/x86_64-linux-gnu/ivl/vhdl_textio.vpi";
:vpi_module "/usr/lib/x86_64-linux-gnu/ivl/v2005_math.vpi";
:vpi_module "/usr/lib/x86_64-linux-gnu/ivl/va_math.vpi";
S_0x64fe9b0aa2d0 .scope module, "tb" "tb" 2 1;
 .timescale 0 0;
v0x64fe9b0bfb60_0 .net "binary", 3 0, L_0x64fe9b0c0450;  1 drivers
v0x64fe9b0bfc20_0 .var "gray", 3 0;
v0x64fe9b0bfcf0_0 .var/i "i", 31 0;
S_0x64fe9b0aa460 .scope module, "dut" "g2b_converter" 2 6, 3 1 0, S_0x64fe9b0aa2d0;
 .timescale 0 0;
    .port_info 0 /INPUT 4 "gray";
    .port_info 1 /OUTPUT 4 "binary";
L_0x64fe9b0c0050 .functor XOR 1, L_0x64fe9b0bfe90, L_0x64fe9b0bff30, C4<0>, C4<0>;
L_0x64fe9b0c0360 .functor XOR 1, L_0x64fe9b0c0160, L_0x64fe9b0c02c0, C4<0>, C4<0>;
L_0x64fe9b0c07f0 .functor XOR 1, L_0x64fe9b0c0660, L_0x64fe9b0c0700, C4<0>, C4<0>;
v0x64fe9b097cd0_0 .net *"_ivl_10", 0 0, L_0x64fe9b0c0050;  1 drivers
v0x64fe9b0bf130_0 .net *"_ivl_15", 0 0, L_0x64fe9b0c0160;  1 drivers
v0x64fe9b0bf210_0 .net *"_ivl_17", 0 0, L_0x64fe9b0c02c0;  1 drivers
v0x64fe9b0bf2d0_0 .net *"_ivl_18", 0 0, L_0x64fe9b0c0360;  1 drivers
v0x64fe9b0bf3b0_0 .net *"_ivl_24", 0 0, L_0x64fe9b0c0660;  1 drivers
v0x64fe9b0bf4e0_0 .net *"_ivl_26", 0 0, L_0x64fe9b0c0700;  1 drivers
v0x64fe9b0bf5c0_0 .net *"_ivl_27", 0 0, L_0x64fe9b0c07f0;  1 drivers
v0x64fe9b0bf6a0_0 .net *"_ivl_3", 0 0, L_0x64fe9b0bfdc0;  1 drivers
v0x64fe9b0bf780_0 .net *"_ivl_7", 0 0, L_0x64fe9b0bfe90;  1 drivers
v0x64fe9b0bf860_0 .net *"_ivl_9", 0 0, L_0x64fe9b0bff30;  1 drivers
v0x64fe9b0bf940_0 .net "binary", 3 0, L_0x64fe9b0c0450;  alias, 1 drivers
v0x64fe9b0bfa20_0 .net "gray", 3 0, v0x64fe9b0bfc20_0;  1 drivers
L_0x64fe9b0bfdc0 .part v0x64fe9b0bfc20_0, 3, 1;
L_0x64fe9b0bfe90 .part v0x64fe9b0bfc20_0, 2, 1;
L_0x64fe9b0bff30 .part L_0x64fe9b0c0450, 3, 1;
L_0x64fe9b0c0160 .part v0x64fe9b0bfc20_0, 1, 1;
L_0x64fe9b0c02c0 .part L_0x64fe9b0c0450, 2, 1;
L_0x64fe9b0c0450 .concat8 [ 1 1 1 1], L_0x64fe9b0c07f0, L_0x64fe9b0c0360, L_0x64fe9b0c0050, L_0x64fe9b0bfdc0;
L_0x64fe9b0c0660 .part v0x64fe9b0bfc20_0, 0, 1;
L_0x64fe9b0c0700 .part L_0x64fe9b0c0450, 1, 1;
    .scope S_0x64fe9b0aa2d0;
T_0 ;
    %pushi/vec4 0, 0, 32;
    %store/vec4 v0x64fe9b0bfcf0_0, 0, 32;
T_0.0 ;
    %load/vec4 v0x64fe9b0bfcf0_0;
    %cmpi/s 15, 0, 32;
    %jmp/0xz T_0.1, 5;
    %load/vec4 v0x64fe9b0bfcf0_0;
    %pad/s 4;
    %store/vec4 v0x64fe9b0bfc20_0, 0, 4;
    %delay 10, 0;
    %load/vec4 v0x64fe9b0bfcf0_0;
    %addi 1, 0, 32;
    %store/vec4 v0x64fe9b0bfcf0_0, 0, 32;
    %jmp T_0.0;
T_0.1 ;
    %end;
    .thread T_0;
    .scope S_0x64fe9b0aa2d0;
T_1 ;
    %vpi_call 2 19 "$monitor", "Time = %0t , binary = %0d , gray = %0d ", $time, v0x64fe9b0bfb60_0, v0x64fe9b0bfc20_0 {0 0 0};
    %vpi_call 2 20 "$dumpfile", "g2b.vcd" {0 0 0};
    %vpi_call 2 21 "$dumpvars", 32'sb00000000000000000000000000000000, S_0x64fe9b0aa2d0 {0 0 0};
    %end;
    .thread T_1;
# The file index is used to find the file name in the following table.
:file_names 4;
    "N/A";
    "<interactive>";
    "g2b_tb.v";
    "g2b_converter.v";
