#! /usr/bin/vvp
:ivl_version "12.0 (stable)";
:ivl_delay_selection "TYPICAL";
:vpi_time_precision + 0;
:vpi_module "/usr/lib/x86_64-linux-gnu/ivl/system.vpi";
:vpi_module "/usr/lib/x86_64-linux-gnu/ivl/vhdl_sys.vpi";
:vpi_module "/usr/lib/x86_64-linux-gnu/ivl/vhdl_textio.vpi";
:vpi_module "/usr/lib/x86_64-linux-gnu/ivl/v2005_math.vpi";
:vpi_module "/usr/lib/x86_64-linux-gnu/ivl/va_math.vpi";
S_0x5a4b64c05190 .scope module, "decoder_tb" "decoder_tb" 2 1;
 .timescale 0 0;
v0x5a4b64c1a570_0 .net "F", 3 0, L_0x5a4b64c1aeb0;  1 drivers
v0x5a4b64c1a630_0 .var "a", 0 0;
v0x5a4b64c1a700_0 .var "b", 0 0;
v0x5a4b64c1a800_0 .var/i "i", 31 0;
S_0x5a4b64c05320 .scope module, "uut" "decoder2x4" 2 5, 3 1 0, S_0x5a4b64c05190;
 .timescale 0 0;
    .port_info 0 /INPUT 1 "a";
    .port_info 1 /INPUT 1 "b";
    .port_info 2 /OUTPUT 4 "F";
L_0x5a4b64c1a8a0 .functor NOT 1, v0x5a4b64c1a630_0, C4<0>, C4<0>, C4<0>;
L_0x5a4b64c1a940 .functor NOT 1, v0x5a4b64c1a700_0, C4<0>, C4<0>, C4<0>;
L_0x5a4b64c1aa00 .functor AND 1, L_0x5a4b64c1a8a0, L_0x5a4b64c1a940, C4<1>, C4<1>;
L_0x5a4b64c1ab10 .functor NOT 1, v0x5a4b64c1a630_0, C4<0>, C4<0>, C4<0>;
L_0x5a4b64c1abb0 .functor AND 1, L_0x5a4b64c1ab10, v0x5a4b64c1a700_0, C4<1>, C4<1>;
L_0x5a4b64c1ac70 .functor NOT 1, v0x5a4b64c1a700_0, C4<0>, C4<0>, C4<0>;
L_0x5a4b64c1adb0 .functor AND 1, v0x5a4b64c1a630_0, L_0x5a4b64c1ac70, C4<1>, C4<1>;
L_0x5a4b64c1b040 .functor AND 1, v0x5a4b64c1a630_0, v0x5a4b64c1a700_0, C4<1>, C4<1>;
v0x5a4b64bf2140_0 .net "F", 3 0, L_0x5a4b64c1aeb0;  alias, 1 drivers
v0x5a4b64bf1840_0 .net *"_ivl_10", 0 0, L_0x5a4b64c1ab10;  1 drivers
v0x5a4b64bf0b30_0 .net *"_ivl_12", 0 0, L_0x5a4b64c1abb0;  1 drivers
v0x5a4b64c19de0_0 .net *"_ivl_16", 0 0, L_0x5a4b64c1ac70;  1 drivers
v0x5a4b64c19ec0_0 .net *"_ivl_18", 0 0, L_0x5a4b64c1adb0;  1 drivers
v0x5a4b64c19ff0_0 .net *"_ivl_2", 0 0, L_0x5a4b64c1a8a0;  1 drivers
v0x5a4b64c1a0d0_0 .net *"_ivl_23", 0 0, L_0x5a4b64c1b040;  1 drivers
v0x5a4b64c1a1b0_0 .net *"_ivl_4", 0 0, L_0x5a4b64c1a940;  1 drivers
v0x5a4b64c1a290_0 .net *"_ivl_6", 0 0, L_0x5a4b64c1aa00;  1 drivers
v0x5a4b64c1a370_0 .net "a", 0 0, v0x5a4b64c1a630_0;  1 drivers
v0x5a4b64c1a430_0 .net "b", 0 0, v0x5a4b64c1a700_0;  1 drivers
L_0x5a4b64c1aeb0 .concat8 [ 1 1 1 1], L_0x5a4b64c1aa00, L_0x5a4b64c1abb0, L_0x5a4b64c1adb0, L_0x5a4b64c1b040;
    .scope S_0x5a4b64c05190;
T_0 ;
    %pushi/vec4 0, 0, 32;
    %store/vec4 v0x5a4b64c1a800_0, 0, 32;
T_0.0 ;
    %load/vec4 v0x5a4b64c1a800_0;
    %cmpi/s 10, 0, 32;
    %flag_or 5, 4;
    %jmp/0xz T_0.1, 5;
    %delay 10, 0;
    %vpi_func 2 12 "$urandom_range" 32, 32'sb00000000000000000000000000000000, 32'sb00000000000000000000000000000100 {0 0 0};
    %pad/u 2;
    %split/vec4 1;
    %store/vec4 v0x5a4b64c1a700_0, 0, 1;
    %store/vec4 v0x5a4b64c1a630_0, 0, 1;
    %load/vec4 v0x5a4b64c1a800_0;
    %addi 1, 0, 32;
    %store/vec4 v0x5a4b64c1a800_0, 0, 32;
    %jmp T_0.0;
T_0.1 ;
    %end;
    .thread T_0;
    .scope S_0x5a4b64c05190;
T_1 ;
    %vpi_call 2 19 "$monitor", "a = %0d , b = %0d , F = %0d", v0x5a4b64c1a630_0, v0x5a4b64c1a700_0, v0x5a4b64c1a570_0 {0 0 0};
    %vpi_call 2 20 "$dumpfile", "decoder.vcd" {0 0 0};
    %vpi_call 2 21 "$dumpvars", 32'sb00000000000000000000000000000000, S_0x5a4b64c05190 {0 0 0};
    %end;
    .thread T_1;
# The file index is used to find the file name in the following table.
:file_names 4;
    "N/A";
    "<interactive>";
    "decoder2x4_tb.v";
    "decoder2x4.v";
