#! /usr/bin/vvp
:ivl_version "12.0 (stable)";
:ivl_delay_selection "TYPICAL";
:vpi_time_precision + 0;
:vpi_module "/usr/lib/x86_64-linux-gnu/ivl/system.vpi";
:vpi_module "/usr/lib/x86_64-linux-gnu/ivl/vhdl_sys.vpi";
:vpi_module "/usr/lib/x86_64-linux-gnu/ivl/vhdl_textio.vpi";
:vpi_module "/usr/lib/x86_64-linux-gnu/ivl/v2005_math.vpi";
:vpi_module "/usr/lib/x86_64-linux-gnu/ivl/va_math.vpi";
S_0x5c4ae8101840 .scope module, "tb" "tb" 2 1;
 .timescale 0 0;
v0x5c4ae8115d70_0 .var "en", 0 0;
v0x5c4ae8115e40_0 .var/i "i", 31 0;
v0x5c4ae8115f00_0 .var "in", 9 0;
v0x5c4ae8116000_0 .net "y", 3 0, v0x5c4ae8115c30_0;  1 drivers
S_0x5c4ae81019d0 .scope module, "dut" "bcd" 2 6, 3 1 0, S_0x5c4ae8101840;
 .timescale 0 0;
    .port_info 0 /INPUT 10 "in";
    .port_info 1 /INPUT 1 "en";
    .port_info 2 /OUTPUT 4 "y";
v0x5c4ae8101c20_0 .net "en", 0 0, v0x5c4ae8115d70_0;  1 drivers
v0x5c4ae8115b50_0 .net "in", 9 0, v0x5c4ae8115f00_0;  1 drivers
v0x5c4ae8115c30_0 .var "y", 3 0;
E_0x5c4ae80c6e50 .event anyedge, v0x5c4ae8101c20_0, v0x5c4ae8115b50_0;
    .scope S_0x5c4ae81019d0;
T_0 ;
    %wait E_0x5c4ae80c6e50;
    %load/vec4 v0x5c4ae8101c20_0;
    %flag_set/vec4 8;
    %jmp/0xz  T_0.0, 8;
    %load/vec4 v0x5c4ae8115b50_0;
    %dup/vec4;
    %pushi/vec4 1, 0, 10;
    %cmp/u;
    %jmp/1 T_0.2, 6;
    %dup/vec4;
    %pushi/vec4 2, 0, 10;
    %cmp/u;
    %jmp/1 T_0.3, 6;
    %dup/vec4;
    %pushi/vec4 4, 0, 10;
    %cmp/u;
    %jmp/1 T_0.4, 6;
    %dup/vec4;
    %pushi/vec4 8, 0, 10;
    %cmp/u;
    %jmp/1 T_0.5, 6;
    %dup/vec4;
    %pushi/vec4 16, 0, 10;
    %cmp/u;
    %jmp/1 T_0.6, 6;
    %dup/vec4;
    %pushi/vec4 32, 0, 10;
    %cmp/u;
    %jmp/1 T_0.7, 6;
    %dup/vec4;
    %pushi/vec4 64, 0, 10;
    %cmp/u;
    %jmp/1 T_0.8, 6;
    %dup/vec4;
    %pushi/vec4 128, 0, 10;
    %cmp/u;
    %jmp/1 T_0.9, 6;
    %dup/vec4;
    %pushi/vec4 256, 0, 10;
    %cmp/u;
    %jmp/1 T_0.10, 6;
    %dup/vec4;
    %pushi/vec4 512, 0, 10;
    %cmp/u;
    %jmp/1 T_0.11, 6;
    %pushi/vec4 0, 0, 4;
    %store/vec4 v0x5c4ae8115c30_0, 0, 4;
    %jmp T_0.13;
T_0.2 ;
    %pushi/vec4 0, 0, 4;
    %store/vec4 v0x5c4ae8115c30_0, 0, 4;
    %jmp T_0.13;
T_0.3 ;
    %pushi/vec4 1, 0, 4;
    %store/vec4 v0x5c4ae8115c30_0, 0, 4;
    %jmp T_0.13;
T_0.4 ;
    %pushi/vec4 2, 0, 4;
    %store/vec4 v0x5c4ae8115c30_0, 0, 4;
    %jmp T_0.13;
T_0.5 ;
    %pushi/vec4 3, 0, 4;
    %store/vec4 v0x5c4ae8115c30_0, 0, 4;
    %jmp T_0.13;
T_0.6 ;
    %pushi/vec4 4, 0, 4;
    %store/vec4 v0x5c4ae8115c30_0, 0, 4;
    %jmp T_0.13;
T_0.7 ;
    %pushi/vec4 5, 0, 4;
    %store/vec4 v0x5c4ae8115c30_0, 0, 4;
    %jmp T_0.13;
T_0.8 ;
    %pushi/vec4 6, 0, 4;
    %store/vec4 v0x5c4ae8115c30_0, 0, 4;
    %jmp T_0.13;
T_0.9 ;
    %pushi/vec4 7, 0, 4;
    %store/vec4 v0x5c4ae8115c30_0, 0, 4;
    %jmp T_0.13;
T_0.10 ;
    %pushi/vec4 8, 0, 4;
    %store/vec4 v0x5c4ae8115c30_0, 0, 4;
    %jmp T_0.13;
T_0.11 ;
    %pushi/vec4 9, 0, 4;
    %store/vec4 v0x5c4ae8115c30_0, 0, 4;
    %jmp T_0.13;
T_0.13 ;
    %pop/vec4 1;
    %jmp T_0.1;
T_0.0 ;
    %pushi/vec4 0, 0, 4;
    %store/vec4 v0x5c4ae8115c30_0, 0, 4;
T_0.1 ;
    %jmp T_0;
    .thread T_0, $push;
    .scope S_0x5c4ae8101840;
T_1 ;
    %pushi/vec4 0, 0, 32;
    %store/vec4 v0x5c4ae8115e40_0, 0, 32;
T_1.0 ;
    %load/vec4 v0x5c4ae8115e40_0;
    %cmpi/s 10, 0, 32;
    %jmp/0xz T_1.1, 5;
    %pushi/vec4 1, 0, 1;
    %store/vec4 v0x5c4ae8115d70_0, 0, 1;
    %pushi/vec4 1, 0, 1;
    %ix/getv/s 4, v0x5c4ae8115e40_0;
    %store/vec4 v0x5c4ae8115f00_0, 4, 1;
    %delay 10, 0;
    %pushi/vec4 0, 0, 10;
    %store/vec4 v0x5c4ae8115f00_0, 0, 10;
    %load/vec4 v0x5c4ae8115e40_0;
    %addi 1, 0, 32;
    %store/vec4 v0x5c4ae8115e40_0, 0, 32;
    %jmp T_1.0;
T_1.1 ;
    %vpi_call 2 18 "$finish" {0 0 0};
    %end;
    .thread T_1;
    .scope S_0x5c4ae8101840;
T_2 ;
    %vpi_call 2 22 "$monitor", "Time = %0t , in = %0d , en = %0d , y = %0d", $time, v0x5c4ae8115f00_0, v0x5c4ae8115d70_0, v0x5c4ae8116000_0 {0 0 0};
    %vpi_call 2 23 "$dumpfile", "decimal_bcd.vcd" {0 0 0};
    %vpi_call 2 24 "$dumpvars", 32'sb00000000000000000000000000000000, S_0x5c4ae8101840 {0 0 0};
    %end;
    .thread T_2;
# The file index is used to find the file name in the following table.
:file_names 4;
    "N/A";
    "<interactive>";
    "decimal_bcd_tb.v";
    "decimal_bcd.v";
